文件：ADC.c        编译器版本 HGASM 0202 页次1


   1  0000              ; Generated by holtek-gcc v3.19, Wed Apr 10 15:18:43 2019
   2  0000              ; 
   3  0000              ; Configuration:
   4  0000              ;       with long instruction
   5  0000              ;       Single ROM, Multi-RAM
   6  0000              ;       bits_per_rom_unit:16
   7  0000              ;       with mp1
   8  0000              ;       with tbhp, address(0x9)
   9  0000              ;          Use tabrd-const
  10  0000              ;       
  11  0000              ; SFR address of long-instruction arch:
  12  0000              ;    mp0 = -1,1,0
  13  0000              ;    mp1 = 4,3,2
  14  0000              ;    mp2 = 14,13,12
  15  0000              ;    tbp = 9,7,8
  16  0000              ;    acc = 5
  17  0000              ;    pcl = 6
  18  0000              ;    status = 10
  19  0000              ;    bp = 11
  20  0000              ;    intc = 32
  21  0000              ;       
  22  0000              ;       
  23  0000              ; use 'tabrdc' instead of 'tabrd'
  24  0000              ;       
  25  0000              
  26  0000              #pragma translator "holtek-gcc 4.6.4" "3.19" "build 20130711"
  27  0000              ; Rebuild 115
  28  0000              
  29  0000              ir equ [2]
  30  0000              mp equ [3]
  31  0000              sbp equ [4]
  32  0000              acc equ [5]
  33  0000              bp equ [11]
  34  0000              tblp equ [7]
  35  0000              tbhp equ [9]
  36  0000              status equ [10]
  37  0000              c equ [10].0
  38  0000              ac equ [10].1
  39  0000              z equ [10].2
  40  0000              ov equ [10].3
  41  0000              cz equ [10].6
  42  0000              sc equ [10].7
  43  0000              intc equ [32]
  44  0000              
  45  0000              extern ra:byte
  46  0000              extern rb:byte
  47  0000              extern rc:byte
  48  0000              extern rd:byte
  49  0000              extern re:byte
  50  0000              extern rf:byte
  51  0000              extern rg:byte
  52  0000              extern rh:byte
  53  0000              extern _Crom2Prom:near
  54  0000              extern _Crom2PromNext:near
  55  0000              
  56  0000              RAMBANK 0 @BITDATASEC, @BITDATASEC1
  57  0000              @HCCINIT	.section 'data'
  58  0000              @HCCINIT0	.section 'data'
  59  0000              @BITDATASEC	 .section 'data'
文件：ADC.ASM      编译器版本 HGASM 0202 页次2

  60  0000              @BITDATASEC1	 .section 'data'
  61  0000              
  62  0000              #pragma debug scope 1 1
  63  0000              	extern __DELAY3:near
  64  0000              	extern __DELAYX3:near
  65  0000              	extern __DELAYX6:near
  66  0000              	extern __DELAYY5:near
  67  0000              	extern __DELAYY3:near
  68  0000              	extern _builtin_holtek_delay_2:byte
  69  0000              public _fun_ADC_Power_Enable
  70  0000              #pragma debug scope 2 1

 160  0000              #line 160 "E:\旧电脑资料\收集的资料\手册\合泰\BH66F5242热电偶资料\SoftWare-BH66F5242_Thermocouple V0.2-lib-20180903\SoftWare-BH66F5242_Thermocouple V0.2-lib\User\ADC.c"
 160  0000              _fun_ADC_Power_Enable .section 'code'
 160  0000              _fun_ADC_Power_Enable proc
 160  0000  0003        	ret
 160  0001              _fun_ADC_Power_Enable endp
 160  0001              #line 160 "E:\旧电脑资料\收集的资料\手册\合泰\BH66F5242热电偶资料\SoftWare-BH66F5242_Thermocouple V0.2-lib-20180903\SoftWare-BH66F5242_Thermocouple V0.2-lib\User\ADC.c"
 160  0001              #pragma debug scope 1 1
 160  0001              public _fun_ADC_Power_Disable
 160  0001              #pragma debug scope 3 1
 183  0001              #line 183 "E:\旧电脑资料\收集的资料\手册\合泰\BH66F5242热电偶资料\SoftWare-BH66F5242_Thermocouple V0.2-lib-20180903\SoftWare-BH66F5242_Thermocouple V0.2-lib\User\ADC.c"
 183  0000              _fun_ADC_Power_Disable .section 'code'
 183  0000              _fun_ADC_Power_Disable proc
 183  0000  0003        	ret
 183  0001              _fun_ADC_Power_Disable endp
 183  0001              #line 183 "E:\旧电脑资料\收集的资料\手册\合泰\BH66F5242热电偶资料\SoftWare-BH66F5242_Thermocouple V0.2-lib-20180903\SoftWare-BH66F5242_Thermocouple V0.2-lib\User\ADC.c"
 183  0001              #pragma debug scope 1 1
 183  0001              ___adcr0 equ [102]
 183  0001              ___adcr1 equ [103]
 183  0001              public _fun_ADC_Enable
 183  0001              #pragma debug scope 4 1
 196  0001              #line 196 "E:\旧电脑资料\收集的资料\手册\合泰\BH66F5242热电偶资料\SoftWare-BH66F5242_Thermocouple V0.2-lib-20180903\SoftWare-BH66F5242_Thermocouple V0.2-lib\User\ADC.c"
 196  0000              _fun_ADC_Enable .section 'code'
 196  0000              _fun_ADC_Enable proc
 197  0000              #line 197 "E:\旧电脑资料\收集的资料\手册\合泰\BH66F5242热电偶资料\SoftWare-BH66F5242_Thermocouple V0.2-lib-20180903\SoftWare-BH66F5242_Thermocouple V0.2-lib\User\ADC.c"
 197  0000  1F00     R  	clr _gu8v_Sample_Count[0]
 198  0001              #line 198 "E:\旧电脑资料\收集的资料\手册\合泰\BH66F5242热电偶资料\SoftWare-BH66F5242_Thermocouple V0.2-lib-20180903\SoftWare-BH66F5242_Thermocouple V0.2-lib\User\ADC.c"
 198  0001  1F00     R  	clr _gbv_adc_Sample_Mode[0]
 199  0002              #line 199 "E:\旧电脑资料\收集的资料\手册\合泰\BH66F5242热电偶资料\SoftWare-BH66F5242_Thermocouple V0.2-lib-20180903\SoftWare-BH66F5242_Thermocouple V0.2-lib\User\ADC.c"
 199  0002  3400     R  	clr _gbv_adc_flag[0].0
 200  0003              #line 200 "E:\旧电脑资料\收集的资料\手册\合泰\BH66F5242热电偶资料\SoftWare-BH66F5242_Thermocouple V0.2-lib-20180903\SoftWare-BH66F5242_Thermocouple V0.2-lib\User\ADC.c"
 200  0003  3400     R  	clr _gbv_adc_flag[0].1
 201  0004              #line 201 "E:\旧电脑资料\收集的资料\手册\合泰\BH66F5242热电偶资料\SoftWare-BH66F5242_Thermocouple V0.2-lib-20180903\SoftWare-BH66F5242_Thermocouple V0.2-lib\User\ADC.c"
 201  0004  36E6        	clr [102].5
 202  0005              #line 202 "E:\旧电脑资料\收集的资料\手册\合泰\BH66F5242热电偶资料\SoftWare-BH66F5242_Thermocouple V0.2-lib-20180903\SoftWare-BH66F5242_Thermocouple V0.2-lib\User\ADC.c"
 202  0005  3766        	clr [102].6
 203  0006              #line 203 "E:\旧电脑资料\收集的资料\手册\合泰\BH66F5242热电偶资料\SoftWare-BH66F5242_Thermocouple V0.2-lib-20180903\SoftWare-BH66F5242_Thermocouple V0.2-lib\User\ADC.c"
 203  0006  3466        	clr [102].0
 204  0007              #line 204 "E:\旧电脑资料\收集的资料\手册\合泰\BH66F5242热电偶资料\SoftWare-BH66F5242_Thermocouple V0.2-lib-20180903\SoftWare-BH66F5242_Thermocouple V0.2-lib\User\ADC.c"
 204  0007  37E6        	clr [102].7
 204  0008  33E6        	set [102].7
 204  0009  37E6        	clr [102].7
 204  000A  3567        	clr [103].2
 204  000B  34E7        	clr [103].1
 204  000C  0003        	ret
 204  000D              _fun_ADC_Enable endp
 204  000D              #line 204 "E:\旧电脑资料\收集的资料\手册\合泰\BH66F5242热电偶资料\SoftWare-BH66F5242_Thermocouple V0.2-lib-20180903\SoftWare-BH66F5242_Thermocouple V0.2-lib\User\ADC.c"
 204  000D              #pragma debug scope 1 1
 204  000D              ___pgac0 equ [105]
文件：ADC.c        编译器版本 HGASM 0202 页次3

 204  000D              ___pgacs equ [107]
 204  000D              ___adcs equ [101]
 204  000D              ___pgac1 equ [106]
 204  000D              ___pwrc equ [104]
 204  000D              ___dsopc equ [115]
 204  000D              public _fun_VTP_ZERO_INIT
 204  000D              #pragma debug scope 5 1
  27  000D              #line 27 "E:\旧电脑资料\收集的资料\手册\合泰\BH66F5242热电偶资料\SoftWare-BH66F5242_Thermocouple V0.2-lib-20180903\SoftWare-BH66F5242_Thermocouple V0.2-lib\User\ADC.c"
  27  0000              _fun_VTP_ZERO_INIT .section 'code'
  27  0000              _fun_VTP_ZERO_INIT proc
  28  0000              #line 28 "E:\旧电脑资料\收集的资料\手册\合泰\BH66F5242热电偶资料\SoftWare-BH66F5242_Thermocouple V0.2-lib-20180903\SoftWare-BH66F5242_Thermocouple V0.2-lib\User\ADC.c"
  28  0000  3169        	set [105].2
  28  0001  34E9        	clr [105].1
  28  0002  3469        	clr [105].0
  29  0003              #line 29 "E:\旧电脑资料\收集的资料\手册\合泰\BH66F5242热电偶资料\SoftWare-BH66F5242_Thermocouple V0.2-lib-20180903\SoftWare-BH66F5242_Thermocouple V0.2-lib\User\ADC.c"
  29  0003  31EB        	set [107].3
  29  0004  356B        	clr [107].2
  29  0005  30EB        	set [107].1
  29  0006  306B        	set [107].0
  30  0007              #line 30 "E:\旧电脑资料\收集的资料\手册\合泰\BH66F5242热电偶资料\SoftWare-BH66F5242_Thermocouple V0.2-lib-20180903\SoftWare-BH66F5242_Thermocouple V0.2-lib\User\ADC.c"
  30  0007  33EB        	set [107].7
  30  0008  376B        	clr [107].6
  30  0009  32EB        	set [107].5
  30  000A  326B        	set [107].4
  31  000B              #line 31 "E:\旧电脑资料\收集的资料\手册\合泰\BH66F5242热电偶资料\SoftWare-BH66F5242_Thermocouple V0.2-lib-20180903\SoftWare-BH66F5242_Thermocouple V0.2-lib\User\ADC.c"
  31  000B  1F65        	clr [101]
  31  000C  37E7        	clr [103].7
  31  000D  3367        	set [103].6
  31  000E  36E7        	clr [103].5
  31  000F  3666        	clr [102].4
  31  0010  31E6        	set [102].3
  31  0011  3566        	clr [102].2
  32  0012              #line 32 "E:\旧电脑资料\收集的资料\手册\合泰\BH66F5242热电偶资料\SoftWare-BH66F5242_Thermocouple V0.2-lib-20180903\SoftWare-BH66F5242_Thermocouple V0.2-lib\User\ADC.c"
  32  0012  36EA        	clr [106].5
  32  0013  366A        	clr [106].4
  33  0014              #line 33 "E:\旧电脑资料\收集的资料\手册\合泰\BH66F5242热电偶资料\SoftWare-BH66F5242_Thermocouple V0.2-lib-20180903\SoftWare-BH66F5242_Thermocouple V0.2-lib\User\ADC.c"
  33  0014  0F80        	mov a,128
  33  0015  00E8        	mov [104],a
  34  0016              #line 34 "E:\旧电脑资料\收集的资料\手册\合泰\BH66F5242热电偶资料\SoftWare-BH66F5242_Thermocouple V0.2-lib-20180903\SoftWare-BH66F5242_Thermocouple V0.2-lib\User\ADC.c"
  34  0016  0F0A        	mov a,10
  34  0017  00F3        	mov [115],a
  35  0018              #line 35 "E:\旧电脑资料\收集的资料\手册\合泰\BH66F5242热电偶资料\SoftWare-BH66F5242_Thermocouple V0.2-lib-20180903\SoftWare-BH66F5242_Thermocouple V0.2-lib\User\ADC.c"
  35  0018  2000     R  	call _fun_ADC_Enable
  35  0019  0003        	ret
  35  001A              _fun_VTP_ZERO_INIT endp
  35  001A              #line 35 "E:\旧电脑资料\收集的资料\手册\合泰\BH66F5242热电偶资料\SoftWare-BH66F5242_Thermocouple V0.2-lib-20180903\SoftWare-BH66F5242_Thermocouple V0.2-lib\User\ADC.c"
  35  001A              #pragma debug scope 1 1
  35  001A              ___pbs0 equ [49]
  35  001A              public _fun_VTP_CH0_INIT
  35  001A              #pragma debug scope 6 1
  45  001A              #line 45 "E:\旧电脑资料\收集的资料\手册\合泰\BH66F5242热电偶资料\SoftWare-BH66F5242_Thermocouple V0.2-lib-20180903\SoftWare-BH66F5242_Thermocouple V0.2-lib\User\ADC.c"
  45  0000              _fun_VTP_CH0_INIT .section 'code'
  45  0000              _fun_VTP_CH0_INIT proc
  46  0000              #line 46 "E:\旧电脑资料\收集的资料\手册\合泰\BH66F5242热电偶资料\SoftWare-BH66F5242_Thermocouple V0.2-lib-20180903\SoftWare-BH66F5242_Thermocouple V0.2-lib\User\ADC.c"
  46  0000  3169        	set [105].2
  46  0001  34E9        	clr [105].1
  46  0002  3469        	clr [105].0
  47  0003              #line 47 "E:\旧电脑资料\收集的资料\手册\合泰\BH66F5242热电偶资料\SoftWare-BH66F5242_Thermocouple V0.2-lib-20180903\SoftWare-BH66F5242_Thermocouple V0.2-lib\User\ADC.c"
  47  0003  35EB        	clr [107].3
  47  0004  316B        	set [107].2
文件：ADC.c        编译器版本 HGASM 0202 页次4

  47  0005  34EB        	clr [107].1
  47  0006  346B        	clr [107].0
  47  0007  35B1        	clr [49].3
  47  0008  3131        	set [49].2
  48  0009              #line 48 "E:\旧电脑资料\收集的资料\手册\合泰\BH66F5242热电偶资料\SoftWare-BH66F5242_Thermocouple V0.2-lib-20180903\SoftWare-BH66F5242_Thermocouple V0.2-lib\User\ADC.c"
  48  0009  33EB        	set [107].7
  48  000A  376B        	clr [107].6
  48  000B  32EB        	set [107].5
  48  000C  326B        	set [107].4
  49  000D              #line 49 "E:\旧电脑资料\收集的资料\手册\合泰\BH66F5242热电偶资料\SoftWare-BH66F5242_Thermocouple V0.2-lib-20180903\SoftWare-BH66F5242_Thermocouple V0.2-lib\User\ADC.c"
  49  000D  36EA        	clr [106].5
  49  000E  366A        	clr [106].4
  50  000F              #line 50 "E:\旧电脑资料\收集的资料\手册\合泰\BH66F5242热电偶资料\SoftWare-BH66F5242_Thermocouple V0.2-lib-20180903\SoftWare-BH66F5242_Thermocouple V0.2-lib\User\ADC.c"
  50  000F  1F65        	clr [101]
  50  0010  37E7        	clr [103].7
  50  0011  3367        	set [103].6
  50  0012  36E7        	clr [103].5
  50  0013  3666        	clr [102].4
  50  0014  31E6        	set [102].3
  50  0015  3566        	clr [102].2
  51  0016              #line 51 "E:\旧电脑资料\收集的资料\手册\合泰\BH66F5242热电偶资料\SoftWare-BH66F5242_Thermocouple V0.2-lib-20180903\SoftWare-BH66F5242_Thermocouple V0.2-lib\User\ADC.c"
  51  0016  0F80        	mov a,128
  51  0017  00E8        	mov [104],a
  52  0018              #line 52 "E:\旧电脑资料\收集的资料\手册\合泰\BH66F5242热电偶资料\SoftWare-BH66F5242_Thermocouple V0.2-lib-20180903\SoftWare-BH66F5242_Thermocouple V0.2-lib\User\ADC.c"
  52  0018  0F0A        	mov a,10
  52  0019  00F3        	mov [115],a
  53  001A              #line 53 "E:\旧电脑资料\收集的资料\手册\合泰\BH66F5242热电偶资料\SoftWare-BH66F5242_Thermocouple V0.2-lib-20180903\SoftWare-BH66F5242_Thermocouple V0.2-lib\User\ADC.c"
  53  001A  2000     R  	call _fun_ADC_Enable
  53  001B  0003        	ret
  53  001C              _fun_VTP_CH0_INIT endp
  53  001C              #line 53 "E:\旧电脑资料\收集的资料\手册\合泰\BH66F5242热电偶资料\SoftWare-BH66F5242_Thermocouple V0.2-lib-20180903\SoftWare-BH66F5242_Thermocouple V0.2-lib\User\ADC.c"
  53  001C              #pragma debug scope 1 1
  53  001C              ___pcs0 equ [51]
  53  001C              public _fun_VTP_CH1_INIT
  53  001C              #pragma debug scope 7 1
  65  001C              #line 65 "E:\旧电脑资料\收集的资料\手册\合泰\BH66F5242热电偶资料\SoftWare-BH66F5242_Thermocouple V0.2-lib-20180903\SoftWare-BH66F5242_Thermocouple V0.2-lib\User\ADC.c"
  65  0000              _fun_VTP_CH1_INIT .section 'code'
  65  0000              _fun_VTP_CH1_INIT proc
  66  0000              #line 66 "E:\旧电脑资料\收集的资料\手册\合泰\BH66F5242热电偶资料\SoftWare-BH66F5242_Thermocouple V0.2-lib-20180903\SoftWare-BH66F5242_Thermocouple V0.2-lib\User\ADC.c"
  66  0000  3169        	set [105].2
  66  0001  34E9        	clr [105].1
  66  0002  3469        	clr [105].0
  67  0003              #line 67 "E:\旧电脑资料\收集的资料\手册\合泰\BH66F5242热电偶资料\SoftWare-BH66F5242_Thermocouple V0.2-lib-20180903\SoftWare-BH66F5242_Thermocouple V0.2-lib\User\ADC.c"
  67  0003  31EB        	set [107].3
  67  0004  356B        	clr [107].2
  67  0005  30EB        	set [107].1
  67  0006  306B        	set [107].0
  68  0007              #line 68 "E:\旧电脑资料\收集的资料\手册\合泰\BH66F5242热电偶资料\SoftWare-BH66F5242_Thermocouple V0.2-lib-20180903\SoftWare-BH66F5242_Thermocouple V0.2-lib\User\ADC.c"
  68  0007  37EB        	clr [107].7
  68  0008  336B        	set [107].6
  68  0009  36EB        	clr [107].5
  68  000A  326B        	set [107].4
  68  000B  31B3        	set [51].3
  68  000C  3533        	clr [51].2
  69  000D              #line 69 "E:\旧电脑资料\收集的资料\手册\合泰\BH66F5242热电偶资料\SoftWare-BH66F5242_Thermocouple V0.2-lib-20180903\SoftWare-BH66F5242_Thermocouple V0.2-lib\User\ADC.c"
  69  000D  1F65        	clr [101]
  69  000E  37E7        	clr [103].7
  69  000F  3367        	set [103].6
  69  0010  36E7        	clr [103].5
  69  0011  3666        	clr [102].4
文件：ADC.c        编译器版本 HGASM 0202 页次5

  69  0012  31E6        	set [102].3
  69  0013  3566        	clr [102].2
  70  0014              #line 70 "E:\旧电脑资料\收集的资料\手册\合泰\BH66F5242热电偶资料\SoftWare-BH66F5242_Thermocouple V0.2-lib-20180903\SoftWare-BH66F5242_Thermocouple V0.2-lib\User\ADC.c"
  70  0014  32EA        	set [106].5
  70  0015  326A        	set [106].4
  71  0016              #line 71 "E:\旧电脑资料\收集的资料\手册\合泰\BH66F5242热电偶资料\SoftWare-BH66F5242_Thermocouple V0.2-lib-20180903\SoftWare-BH66F5242_Thermocouple V0.2-lib\User\ADC.c"
  71  0016  0F80        	mov a,128
  71  0017  00E8        	mov [104],a
  72  0018              #line 72 "E:\旧电脑资料\收集的资料\手册\合泰\BH66F5242热电偶资料\SoftWare-BH66F5242_Thermocouple V0.2-lib-20180903\SoftWare-BH66F5242_Thermocouple V0.2-lib\User\ADC.c"
  72  0018  0F0A        	mov a,10
  72  0019  00F3        	mov [115],a
  73  001A              #line 73 "E:\旧电脑资料\收集的资料\手册\合泰\BH66F5242热电偶资料\SoftWare-BH66F5242_Thermocouple V0.2-lib-20180903\SoftWare-BH66F5242_Thermocouple V0.2-lib\User\ADC.c"
  73  001A  2000     R  	call _fun_ADC_Enable
  73  001B  0003        	ret
  73  001C              _fun_VTP_CH1_INIT endp
  73  001C              #line 73 "E:\旧电脑资料\收集的资料\手册\合泰\BH66F5242热电偶资料\SoftWare-BH66F5242_Thermocouple V0.2-lib-20180903\SoftWare-BH66F5242_Thermocouple V0.2-lib\User\ADC.c"
  73  001C              #pragma debug scope 1 1
  73  001C              public _fun_VTP_CH2_INIT
  73  001C              #pragma debug scope 8 1
  84  001C              #line 84 "E:\旧电脑资料\收集的资料\手册\合泰\BH66F5242热电偶资料\SoftWare-BH66F5242_Thermocouple V0.2-lib-20180903\SoftWare-BH66F5242_Thermocouple V0.2-lib\User\ADC.c"
  84  0000              _fun_VTP_CH2_INIT .section 'code'
  84  0000              _fun_VTP_CH2_INIT proc
  85  0000              #line 85 "E:\旧电脑资料\收集的资料\手册\合泰\BH66F5242热电偶资料\SoftWare-BH66F5242_Thermocouple V0.2-lib-20180903\SoftWare-BH66F5242_Thermocouple V0.2-lib\User\ADC.c"
  85  0000  3169        	set [105].2
  85  0001  34E9        	clr [105].1
  85  0002  3469        	clr [105].0
  86  0003              #line 86 "E:\旧电脑资料\收集的资料\手册\合泰\BH66F5242热电偶资料\SoftWare-BH66F5242_Thermocouple V0.2-lib-20180903\SoftWare-BH66F5242_Thermocouple V0.2-lib\User\ADC.c"
  86  0003  35EB        	clr [107].3
  86  0004  316B        	set [107].2
  86  0005  34EB        	clr [107].1
  86  0006  306B        	set [107].0
  86  0007  37B1        	clr [49].7
  86  0008  3331        	set [49].6
  87  0009              #line 87 "E:\旧电脑资料\收集的资料\手册\合泰\BH66F5242热电偶资料\SoftWare-BH66F5242_Thermocouple V0.2-lib-20180903\SoftWare-BH66F5242_Thermocouple V0.2-lib\User\ADC.c"
  87  0009  33EB        	set [107].7
  87  000A  376B        	clr [107].6
  87  000B  32EB        	set [107].5
  87  000C  326B        	set [107].4
  88  000D              #line 88 "E:\旧电脑资料\收集的资料\手册\合泰\BH66F5242热电偶资料\SoftWare-BH66F5242_Thermocouple V0.2-lib-20180903\SoftWare-BH66F5242_Thermocouple V0.2-lib\User\ADC.c"
  88  000D  1F65        	clr [101]
  88  000E  37E7        	clr [103].7
  88  000F  3367        	set [103].6
  88  0010  36E7        	clr [103].5
  88  0011  3666        	clr [102].4
  88  0012  31E6        	set [102].3
  88  0013  3566        	clr [102].2
  89  0014              #line 89 "E:\旧电脑资料\收集的资料\手册\合泰\BH66F5242热电偶资料\SoftWare-BH66F5242_Thermocouple V0.2-lib-20180903\SoftWare-BH66F5242_Thermocouple V0.2-lib\User\ADC.c"
  89  0014  36EA        	clr [106].5
  89  0015  366A        	clr [106].4
  90  0016              #line 90 "E:\旧电脑资料\收集的资料\手册\合泰\BH66F5242热电偶资料\SoftWare-BH66F5242_Thermocouple V0.2-lib-20180903\SoftWare-BH66F5242_Thermocouple V0.2-lib\User\ADC.c"
  90  0016  0F80        	mov a,128
  90  0017  00E8        	mov [104],a
  91  0018              #line 91 "E:\旧电脑资料\收集的资料\手册\合泰\BH66F5242热电偶资料\SoftWare-BH66F5242_Thermocouple V0.2-lib-20180903\SoftWare-BH66F5242_Thermocouple V0.2-lib\User\ADC.c"
  91  0018  0F0A        	mov a,10
  91  0019  00F3        	mov [115],a
  92  001A              #line 92 "E:\旧电脑资料\收集的资料\手册\合泰\BH66F5242热电偶资料\SoftWare-BH66F5242_Thermocouple V0.2-lib-20180903\SoftWare-BH66F5242_Thermocouple V0.2-lib\User\ADC.c"
  92  001A  2000     R  	call _fun_ADC_Enable
  92  001B  0003        	ret
  92  001C              _fun_VTP_CH2_INIT endp
  92  001C              #line 92 "E:\旧电脑资料\收集的资料\手册\合泰\BH66F5242热电偶资料\SoftWare-BH66F5242_Thermocouple V0.2-lib-20180903\SoftWare-BH66F5242_Thermocouple V0.2-lib\User\ADC.c"
文件：ADC.c        编译器版本 HGASM 0202 页次6

  92  001C              #pragma debug scope 1 1
  92  001C              public _fun_VTP_CH3_INIT
  92  001C              #pragma debug scope 9 1
 102  001C              #line 102 "E:\旧电脑资料\收集的资料\手册\合泰\BH66F5242热电偶资料\SoftWare-BH66F5242_Thermocouple V0.2-lib-20180903\SoftWare-BH66F5242_Thermocouple V0.2-lib\User\ADC.c"
 102  0000              _fun_VTP_CH3_INIT .section 'code'
 102  0000              _fun_VTP_CH3_INIT proc
 103  0000              #line 103 "E:\旧电脑资料\收集的资料\手册\合泰\BH66F5242热电偶资料\SoftWare-BH66F5242_Thermocouple V0.2-lib-20180903\SoftWare-BH66F5242_Thermocouple V0.2-lib\User\ADC.c"
 103  0000  3169        	set [105].2
 103  0001  34E9        	clr [105].1
 103  0002  3469        	clr [105].0
 104  0003              #line 104 "E:\旧电脑资料\收集的资料\手册\合泰\BH66F5242热电偶资料\SoftWare-BH66F5242_Thermocouple V0.2-lib-20180903\SoftWare-BH66F5242_Thermocouple V0.2-lib\User\ADC.c"
 104  0003  35EB        	clr [107].3
 104  0004  356B        	clr [107].2
 104  0005  30EB        	set [107].1
 104  0006  346B        	clr [107].0
 104  0007  34B3        	clr [51].1
 104  0008  3033        	set [51].0
 105  0009              #line 105 "E:\旧电脑资料\收集的资料\手册\合泰\BH66F5242热电偶资料\SoftWare-BH66F5242_Thermocouple V0.2-lib-20180903\SoftWare-BH66F5242_Thermocouple V0.2-lib\User\ADC.c"
 105  0009  33EB        	set [107].7
 105  000A  376B        	clr [107].6
 105  000B  32EB        	set [107].5
 105  000C  326B        	set [107].4
 106  000D              #line 106 "E:\旧电脑资料\收集的资料\手册\合泰\BH66F5242热电偶资料\SoftWare-BH66F5242_Thermocouple V0.2-lib-20180903\SoftWare-BH66F5242_Thermocouple V0.2-lib\User\ADC.c"
 106  000D  1F65        	clr [101]
 106  000E  37E7        	clr [103].7
 106  000F  3367        	set [103].6
 106  0010  36E7        	clr [103].5
 106  0011  3666        	clr [102].4
 106  0012  31E6        	set [102].3
 106  0013  3566        	clr [102].2
 107  0014              #line 107 "E:\旧电脑资料\收集的资料\手册\合泰\BH66F5242热电偶资料\SoftWare-BH66F5242_Thermocouple V0.2-lib-20180903\SoftWare-BH66F5242_Thermocouple V0.2-lib\User\ADC.c"
 107  0014  36EA        	clr [106].5
 107  0015  366A        	clr [106].4
 108  0016              #line 108 "E:\旧电脑资料\收集的资料\手册\合泰\BH66F5242热电偶资料\SoftWare-BH66F5242_Thermocouple V0.2-lib-20180903\SoftWare-BH66F5242_Thermocouple V0.2-lib\User\ADC.c"
 108  0016  0F80        	mov a,128
 108  0017  00E8        	mov [104],a
 109  0018              #line 109 "E:\旧电脑资料\收集的资料\手册\合泰\BH66F5242热电偶资料\SoftWare-BH66F5242_Thermocouple V0.2-lib-20180903\SoftWare-BH66F5242_Thermocouple V0.2-lib\User\ADC.c"
 109  0018  0F0A        	mov a,10
 109  0019  00F3        	mov [115],a
 110  001A              #line 110 "E:\旧电脑资料\收集的资料\手册\合泰\BH66F5242热电偶资料\SoftWare-BH66F5242_Thermocouple V0.2-lib-20180903\SoftWare-BH66F5242_Thermocouple V0.2-lib\User\ADC.c"
 110  001A  2000     R  	call _fun_ADC_Enable
 110  001B  0003        	ret
 110  001C              _fun_VTP_CH3_INIT endp
 110  001C              #line 110 "E:\旧电脑资料\收集的资料\手册\合泰\BH66F5242热电偶资料\SoftWare-BH66F5242_Thermocouple V0.2-lib-20180903\SoftWare-BH66F5242_Thermocouple V0.2-lib\User\ADC.c"
 110  001C              #pragma debug scope 1 1
 110  001C              public _fun_TEMP1_INIT
 110  001C              #pragma debug scope 10 1
 122  001C              #line 122 "E:\旧电脑资料\收集的资料\手册\合泰\BH66F5242热电偶资料\SoftWare-BH66F5242_Thermocouple V0.2-lib-20180903\SoftWare-BH66F5242_Thermocouple V0.2-lib\User\ADC.c"
 122  0000              _fun_TEMP1_INIT .section 'code'
 122  0000              _fun_TEMP1_INIT proc
 123  0000              #line 123 "E:\旧电脑资料\收集的资料\手册\合泰\BH66F5242热电偶资料\SoftWare-BH66F5242_Thermocouple V0.2-lib-20180903\SoftWare-BH66F5242_Thermocouple V0.2-lib\User\ADC.c"
 123  0000  3569        	clr [105].2
 123  0001  34E9        	clr [105].1
 123  0002  3469        	clr [105].0
 124  0003              #line 124 "E:\旧电脑资料\收集的资料\手册\合泰\BH66F5242热电偶资料\SoftWare-BH66F5242_Thermocouple V0.2-lib-20180903\SoftWare-BH66F5242_Thermocouple V0.2-lib\User\ADC.c"
 124  0003  31EB        	set [107].3
 124  0004  356B        	clr [107].2
 124  0005  30EB        	set [107].1
 124  0006  306B        	set [107].0
 125  0007              #line 125 "E:\旧电脑资料\收集的资料\手册\合泰\BH66F5242热电偶资料\SoftWare-BH66F5242_Thermocouple V0.2-lib-20180903\SoftWare-BH66F5242_Thermocouple V0.2-lib\User\ADC.c"
文件：ADC.c        编译器版本 HGASM 0202 页次7

 125  0007  37EB        	clr [107].7
 125  0008  376B        	clr [107].6
 125  0009  36EB        	clr [107].5
 125  000A  366B        	clr [107].4
 126  000B              #line 126 "E:\旧电脑资料\收集的资料\手册\合泰\BH66F5242热电偶资料\SoftWare-BH66F5242_Thermocouple V0.2-lib-20180903\SoftWare-BH66F5242_Thermocouple V0.2-lib\User\ADC.c"
 126  000B  1F65        	clr [101]
 126  000C  37E7        	clr [103].7
 126  000D  3367        	set [103].6
 126  000E  36E7        	clr [103].5
 126  000F  3266        	set [102].4
 126  0010  35E6        	clr [102].3
 126  0011  3566        	clr [102].2
 127  0012              #line 127 "E:\旧电脑资料\收集的资料\手册\合泰\BH66F5242热电偶资料\SoftWare-BH66F5242_Thermocouple V0.2-lib-20180903\SoftWare-BH66F5242_Thermocouple V0.2-lib\User\ADC.c"
 127  0012  36EA        	clr [106].5
 127  0013  366A        	clr [106].4
 128  0014              #line 128 "E:\旧电脑资料\收集的资料\手册\合泰\BH66F5242热电偶资料\SoftWare-BH66F5242_Thermocouple V0.2-lib-20180903\SoftWare-BH66F5242_Thermocouple V0.2-lib\User\ADC.c"
 128  0014  0F80        	mov a,128
 128  0015  00E8        	mov [104],a
 129  0016              #line 129 "E:\旧电脑资料\收集的资料\手册\合泰\BH66F5242热电偶资料\SoftWare-BH66F5242_Thermocouple V0.2-lib-20180903\SoftWare-BH66F5242_Thermocouple V0.2-lib\User\ADC.c"
 129  0016  0F0A        	mov a,10
 129  0017  00F3        	mov [115],a
 130  0018              #line 130 "E:\旧电脑资料\收集的资料\手册\合泰\BH66F5242热电偶资料\SoftWare-BH66F5242_Thermocouple V0.2-lib-20180903\SoftWare-BH66F5242_Thermocouple V0.2-lib\User\ADC.c"
 130  0018  2000     R  	call _fun_ADC_Enable
 130  0019  0003        	ret
 130  001A              _fun_TEMP1_INIT endp
 130  001A              #line 130 "E:\旧电脑资料\收集的资料\手册\合泰\BH66F5242热电偶资料\SoftWare-BH66F5242_Thermocouple V0.2-lib-20180903\SoftWare-BH66F5242_Thermocouple V0.2-lib\User\ADC.c"
 130  001A              #pragma debug scope 1 1
 130  001A              public _fun_TEMP2_INIT
 130  001A              #pragma debug scope 11 1
 139  001A              #line 139 "E:\旧电脑资料\收集的资料\手册\合泰\BH66F5242热电偶资料\SoftWare-BH66F5242_Thermocouple V0.2-lib-20180903\SoftWare-BH66F5242_Thermocouple V0.2-lib\User\ADC.c"
 139  0000              _fun_TEMP2_INIT .section 'code'
 139  0000              _fun_TEMP2_INIT proc
 141  0000              #line 141 "E:\旧电脑资料\收集的资料\手册\合泰\BH66F5242热电偶资料\SoftWare-BH66F5242_Thermocouple V0.2-lib-20180903\SoftWare-BH66F5242_Thermocouple V0.2-lib\User\ADC.c"
 141  0000  3569        	clr [105].2
 141  0001  34E9        	clr [105].1
 141  0002  3469        	clr [105].0
 142  0003              #line 142 "E:\旧电脑资料\收集的资料\手册\合泰\BH66F5242热电偶资料\SoftWare-BH66F5242_Thermocouple V0.2-lib-20180903\SoftWare-BH66F5242_Thermocouple V0.2-lib\User\ADC.c"
 142  0003  35EB        	clr [107].3
 142  0004  356B        	clr [107].2
 142  0005  34EB        	clr [107].1
 142  0006  346B        	clr [107].0
 143  0007              #line 143 "E:\旧电脑资料\收集的资料\手册\合泰\BH66F5242热电偶资料\SoftWare-BH66F5242_Thermocouple V0.2-lib-20180903\SoftWare-BH66F5242_Thermocouple V0.2-lib\User\ADC.c"
 143  0007  37EB        	clr [107].7
 143  0008  376B        	clr [107].6
 143  0009  36EB        	clr [107].5
 143  000A  326B        	set [107].4
 144  000B              #line 144 "E:\旧电脑资料\收集的资料\手册\合泰\BH66F5242热电偶资料\SoftWare-BH66F5242_Thermocouple V0.2-lib-20180903\SoftWare-BH66F5242_Thermocouple V0.2-lib\User\ADC.c"
 144  000B  36EA        	clr [106].5
 144  000C  366A        	clr [106].4
 145  000D              #line 145 "E:\旧电脑资料\收集的资料\手册\合泰\BH66F5242热电偶资料\SoftWare-BH66F5242_Thermocouple V0.2-lib-20180903\SoftWare-BH66F5242_Thermocouple V0.2-lib\User\ADC.c"
 145  000D  1F65        	clr [101]
 145  000E  37E7        	clr [103].7
 145  000F  3367        	set [103].6
 145  0010  36E7        	clr [103].5
 145  0011  3266        	set [102].4
 145  0012  35E6        	clr [102].3
 145  0013  3566        	clr [102].2
 146  0014              #line 146 "E:\旧电脑资料\收集的资料\手册\合泰\BH66F5242热电偶资料\SoftWare-BH66F5242_Thermocouple V0.2-lib-20180903\SoftWare-BH66F5242_Thermocouple V0.2-lib\User\ADC.c"
 146  0014  0F80        	mov a,128
 146  0015  00E8        	mov [104],a
文件：ADC.c        编译器版本 HGASM 0202 页次8

 147  0016              #line 147 "E:\旧电脑资料\收集的资料\手册\合泰\BH66F5242热电偶资料\SoftWare-BH66F5242_Thermocouple V0.2-lib-20180903\SoftWare-BH66F5242_Thermocouple V0.2-lib\User\ADC.c"
 147  0016  0F0A        	mov a,10
 147  0017  00F3        	mov [115],a
 148  0018              #line 148 "E:\旧电脑资料\收集的资料\手册\合泰\BH66F5242热电偶资料\SoftWare-BH66F5242_Thermocouple V0.2-lib-20180903\SoftWare-BH66F5242_Thermocouple V0.2-lib\User\ADC.c"
 148  0018  2000     R  	call _fun_ADC_Enable
 148  0019  0003        	ret
 148  001A              _fun_TEMP2_INIT endp
 148  001A              #line 148 "E:\旧电脑资料\收集的资料\手册\合泰\BH66F5242热电偶资料\SoftWare-BH66F5242_Thermocouple V0.2-lib-20180903\SoftWare-BH66F5242_Thermocouple V0.2-lib\User\ADC.c"
 148  001A              #pragma debug scope 1 1
 148  001A              public _fun_ADC_Disable
 148  001A              #pragma debug scope 12 1
 215  001A              #line 215 "E:\旧电脑资料\收集的资料\手册\合泰\BH66F5242热电偶资料\SoftWare-BH66F5242_Thermocouple V0.2-lib-20180903\SoftWare-BH66F5242_Thermocouple V0.2-lib\User\ADC.c"
 215  0000              _fun_ADC_Disable .section 'code'
 215  0000              _fun_ADC_Disable proc
 216  0000              #line 216 "E:\旧电脑资料\收集的资料\手册\合泰\BH66F5242热电偶资料\SoftWare-BH66F5242_Thermocouple V0.2-lib-20180903\SoftWare-BH66F5242_Thermocouple V0.2-lib\User\ADC.c"
 216  0000  1F00     R  	clr _gu8v_Sample_Count[0]
 217  0001              #line 217 "E:\旧电脑资料\收集的资料\手册\合泰\BH66F5242热电偶资料\SoftWare-BH66F5242_Thermocouple V0.2-lib-20180903\SoftWare-BH66F5242_Thermocouple V0.2-lib\User\ADC.c"
 217  0001  1F00     R  	clr _gbv_adc_Sample_Mode[0]
 218  0002              #line 218 "E:\旧电脑资料\收集的资料\手册\合泰\BH66F5242热电偶资料\SoftWare-BH66F5242_Thermocouple V0.2-lib-20180903\SoftWare-BH66F5242_Thermocouple V0.2-lib\User\ADC.c"
 218  0002  3400     R  	clr _gbv_adc_flag[0].0
 219  0003              #line 219 "E:\旧电脑资料\收集的资料\手册\合泰\BH66F5242热电偶资料\SoftWare-BH66F5242_Thermocouple V0.2-lib-20180903\SoftWare-BH66F5242_Thermocouple V0.2-lib\User\ADC.c"
 219  0003  3400     R  	clr _gbv_adc_flag[0].1
 219  0004  0003        	ret
 219  0005              _fun_ADC_Disable endp
 219  0005              #line 219 "E:\旧电脑资料\收集的资料\手册\合泰\BH66F5242热电偶资料\SoftWare-BH66F5242_Thermocouple V0.2-lib-20180903\SoftWare-BH66F5242_Thermocouple V0.2-lib\User\ADC.c"
 219  0005              #pragma debug scope 1 1
 219  0005              public _fun_filter_adc
 219  0005              #pragma debug scope 13 1
 232  0005              #line 232 "E:\旧电脑资料\收集的资料\手册\合泰\BH66F5242热电偶资料\SoftWare-BH66F5242_Thermocouple V0.2-lib-20180903\SoftWare-BH66F5242_Thermocouple V0.2-lib\User\ADC.c"
 232  0000              _fun_filter_adc .section 'code'
 232  0000              _fun_filter_adc proc
 232  0000  0003        	ret
 232  0001              _fun_filter_adc endp
 232  0001              #line 232 "E:\旧电脑资料\收集的资料\手册\合泰\BH66F5242热电偶资料\SoftWare-BH66F5242_Thermocouple V0.2-lib-20180903\SoftWare-BH66F5242_Thermocouple V0.2-lib\User\ADC.c"
 232  0001              #pragma debug scope 1 1
 232  0001              ___adrl equ [108]
 232  0001              ___adrm equ [109]
 232  0001              ___adrh equ [110]
 232  0001              public _fun_ADC_Polling
 232  0001              #pragma debug scope 14 1
 244  0001              #line 244 "E:\旧电脑资料\收集的资料\手册\合泰\BH66F5242热电偶资料\SoftWare-BH66F5242_Thermocouple V0.2-lib-20180903\SoftWare-BH66F5242_Thermocouple V0.2-lib\User\ADC.c"
 244  0000              _fun_ADC_Polling .section 'code'
 244  0000              _fun_ADC_Polling proc
 246  0000              #line 246 "E:\旧电脑资料\收集的资料\手册\合泰\BH66F5242热电偶资料\SoftWare-BH66F5242_Thermocouple V0.2-lib-20180903\SoftWare-BH66F5242_Thermocouple V0.2-lib\User\ADC.c"
 246  0000  38E7        	snz [103].1
 246  0001  2800     R  	jmp _L13
 249  0002              #line 249 "E:\旧电脑资料\收集的资料\手册\合泰\BH66F5242热电偶资料\SoftWare-BH66F5242_Thermocouple V0.2-lib-20180903\SoftWare-BH66F5242_Thermocouple V0.2-lib\User\ADC.c"
 249  0002  3167        	set [103].2
 251  0003              #line 251 "E:\旧电脑资料\收集的资料\手册\合泰\BH66F5242热电偶资料\SoftWare-BH66F5242_Thermocouple V0.2-lib-20180903\SoftWare-BH66F5242_Thermocouple V0.2-lib\User\ADC.c"
 251  0003  1F00     E  	clr _gu32v_adc_data[0]
 251  0004  1F00     E  	clr _gu32v_adc_data[1]
 251  0005  1F00     E  	clr _gu32v_adc_data[2]
 251  0006  1F00     E  	clr _gu32v_adc_data[3]
 252  0007              #line 252 "E:\旧电脑资料\收集的资料\手册\合泰\BH66F5242热电偶资料\SoftWare-BH66F5242_Thermocouple V0.2-lib-20180903\SoftWare-BH66F5242_Thermocouple V0.2-lib\User\ADC.c"
 252  0007  076C        	mov a,[108]
 252  0008  0080     E  	mov _gu32v_adc_data[0],a
 253  0009              #line 253 "E:\旧电脑资料\收集的资料\手册\合泰\BH66F5242热电偶资料\SoftWare-BH66F5242_Thermocouple V0.2-lib-20180903\SoftWare-BH66F5242_Thermocouple V0.2-lib\User\ADC.c"
 253  0009  076D        	mov a,[109]
 253  000A  0080     E  	mov _gu32v_adc_data[1],a
 254  000B              #line 254 "E:\旧电脑资料\收集的资料\手册\合泰\BH66F5242热电偶资料\SoftWare-BH66F5242_Thermocouple V0.2-lib-20180903\SoftWare-BH66F5242_Thermocouple V0.2-lib\User\ADC.c"
文件：ADC.c        编译器版本 HGASM 0202 页次9

 254  000B  076E        	mov a,[110]
 254  000C  0080     E  	mov ra,a
 254  000D  0700     E  	mov a,ra
 254  000E  0080     E  	mov _gu32v_adc_data[2],a
 255  000F              #line 255 "E:\旧电脑资料\收集的资料\手册\合泰\BH66F5242热电偶资料\SoftWare-BH66F5242_Thermocouple V0.2-lib-20180903\SoftWare-BH66F5242_Thermocouple V0.2-lib\User\ADC.c"
 255  000F  3800     E  	snz ra.7
 255  0010  2800     R  	jmp _L16
 257  0011              #line 257 "E:\旧电脑资料\收集的资料\手册\合泰\BH66F5242热电偶资料\SoftWare-BH66F5242_Thermocouple V0.2-lib-20180903\SoftWare-BH66F5242_Thermocouple V0.2-lib\User\ADC.c"
 257  0011  1F80     E  	set _gu32v_adc_data[3]
 257  0012              _L16:
 262  0012              #line 262 "E:\旧电脑资料\收集的资料\手册\合泰\BH66F5242热电偶资料\SoftWare-BH66F5242_Thermocouple V0.2-lib-20180903\SoftWare-BH66F5242_Thermocouple V0.2-lib\User\ADC.c"
 262  0012  0F06        	mov a,6
 262  0013              _LI1:
 262  0013  340A        	clr c
 262  0014  3C00     E  	sz _gu32v_adc_data[3].7
 262  0015  300A        	set c
 262  0016  1B80     E  	rrc _gu32v_adc_data[3]
 262  0017  1B80     E  	rrc _gu32v_adc_data[2]
 262  0018  1B80     E  	rrc _gu32v_adc_data[1]
 262  0019  1B80     E  	rrc _gu32v_adc_data[0]
 262  001A  1785        	sdz acc
 262  001B  2800     R  	jmp _LI1
 267  001C              #line 267 "E:\旧电脑资料\收集的资料\手册\合泰\BH66F5242热电偶资料\SoftWare-BH66F5242_Thermocouple V0.2-lib-20180903\SoftWare-BH66F5242_Thermocouple V0.2-lib\User\ADC.c"
 267  001C  3567        	clr [103].2
 268  001D              #line 268 "E:\旧电脑资料\收集的资料\手册\合泰\BH66F5242热电偶资料\SoftWare-BH66F5242_Thermocouple V0.2-lib-20180903\SoftWare-BH66F5242_Thermocouple V0.2-lib\User\ADC.c"
 268  001D  34E7        	clr [103].1
 271  001E              #line 271 "E:\旧电脑资料\收集的资料\手册\合泰\BH66F5242热电偶资料\SoftWare-BH66F5242_Thermocouple V0.2-lib-20180903\SoftWare-BH66F5242_Thermocouple V0.2-lib\User\ADC.c"
 271  001E  1480     R  	inc _gu8v_Sample_Count[0]
 272  001F              #line 272 "E:\旧电脑资料\收集的资料\手册\合泰\BH66F5242热电偶资料\SoftWare-BH66F5242_Thermocouple V0.2-lib-20180903\SoftWare-BH66F5242_Thermocouple V0.2-lib\User\ADC.c"
 272  001F  1080     R  	sz _gbv_adc_Sample_Mode[0]
 272  0020  2800     R  	jmp _L17
 275  0021              #line 275 "E:\旧电脑资料\收集的资料\手册\合泰\BH66F5242热电偶资料\SoftWare-BH66F5242_Thermocouple V0.2-lib-20180903\SoftWare-BH66F5242_Thermocouple V0.2-lib\User\ADC.c"
 275  0021  0F03        	mov a,3
 275  0022  0200     R  	sub a,_gu8v_Sample_Count[0]
 275  0023  3C0A        	sz c
 275  0024  2800     R  	jmp _L13
 277  0025              #line 277 "E:\旧电脑资料\收集的资料\手册\合泰\BH66F5242热电偶资料\SoftWare-BH66F5242_Thermocouple V0.2-lib-20180903\SoftWare-BH66F5242_Thermocouple V0.2-lib\User\ADC.c"
 277  0025  1F00     R  	clr _gu8v_Sample_Count[0]
 278  0026              #line 278 "E:\旧电脑资料\收集的资料\手册\合泰\BH66F5242热电偶资料\SoftWare-BH66F5242_Thermocouple V0.2-lib-20180903\SoftWare-BH66F5242_Thermocouple V0.2-lib\User\ADC.c"
 278  0026  0F01        	mov a,1
 278  0027  0080     R  	mov _gbv_adc_Sample_Mode[0],a
 278  0028  2800     R  	jmp _L13
 278  0029              _L17:
 282  0029              #line 282 "E:\旧电脑资料\收集的资料\手册\合泰\BH66F5242热电偶资料\SoftWare-BH66F5242_Thermocouple V0.2-lib-20180903\SoftWare-BH66F5242_Thermocouple V0.2-lib\User\ADC.c"
 282  0029  1700     R  	sdza _gbv_adc_Sample_Mode[0]
 282  002A  2800     R  	jmp _L13
 284  002B              #line 284 "E:\旧电脑资料\收集的资料\手册\合泰\BH66F5242热电偶资料\SoftWare-BH66F5242_Thermocouple V0.2-lib-20180903\SoftWare-BH66F5242_Thermocouple V0.2-lib\User\ADC.c"
 284  002B  3000     R  	set _gbv_adc_flag[0].1
 284  002C              _L13:
 284  002C  0003        	ret
 284  002D              _fun_ADC_Polling endp
 284  002D              #line 284 "E:\旧电脑资料\收集的资料\手册\合泰\BH66F5242热电偶资料\SoftWare-BH66F5242_Thermocouple V0.2-lib-20180903\SoftWare-BH66F5242_Thermocouple V0.2-lib\User\ADC.c"
 284  002D              #pragma debug scope 1 1
 284  002D              public _fun_ADC_NTC_Test
 284  002D              #pragma debug scope 15 1
 296  002D              #line 296 "E:\旧电脑资料\收集的资料\手册\合泰\BH66F5242热电偶资料\SoftWare-BH66F5242_Thermocouple V0.2-lib-20180903\SoftWare-BH66F5242_Thermocouple V0.2-lib\User\ADC.c"
 296  0000              _fun_ADC_NTC_Test .section 'code'
 296  0000              _fun_ADC_NTC_Test proc
 296  0000  0003        	ret
 296  0001              _fun_ADC_NTC_Test endp
文件：ADC.c        编译器版本 HGASM 0202 页次10

 296  0001              #line 296 "E:\旧电脑资料\收集的资料\手册\合泰\BH66F5242热电偶资料\SoftWare-BH66F5242_Thermocouple V0.2-lib-20180903\SoftWare-BH66F5242_Thermocouple V0.2-lib\User\ADC.c"
 296  0001              #pragma debug scope 1 1
 296  0001              public _fun_ADC_OPA_ZeroTest
 296  0001              #pragma debug scope 16 1
 308  0001              #line 308 "E:\旧电脑资料\收集的资料\手册\合泰\BH66F5242热电偶资料\SoftWare-BH66F5242_Thermocouple V0.2-lib-20180903\SoftWare-BH66F5242_Thermocouple V0.2-lib\User\ADC.c"
 308  0000              _fun_ADC_OPA_ZeroTest .section 'code'
 308  0000              _fun_ADC_OPA_ZeroTest proc
 308  0000  0003        	ret
 308  0001              _fun_ADC_OPA_ZeroTest endp
 308  0001              #line 308 "E:\旧电脑资料\收集的资料\手册\合泰\BH66F5242热电偶资料\SoftWare-BH66F5242_Thermocouple V0.2-lib-20180903\SoftWare-BH66F5242_Thermocouple V0.2-lib\User\ADC.c"
 308  0001              #pragma debug scope 1 1
 308  0001              public _fun_ADC_OPA_VTPTest
 308  0001              #pragma debug scope 17 1
 319  0001              #line 319 "E:\旧电脑资料\收集的资料\手册\合泰\BH66F5242热电偶资料\SoftWare-BH66F5242_Thermocouple V0.2-lib-20180903\SoftWare-BH66F5242_Thermocouple V0.2-lib\User\ADC.c"
 319  0000              _fun_ADC_OPA_VTPTest .section 'code'
 319  0000              _fun_ADC_OPA_VTPTest proc
 319  0000  0003        	ret
 319  0001              _fun_ADC_OPA_VTPTest endp
 319  0001              #line 319 "E:\旧电脑资料\收集的资料\手册\合泰\BH66F5242热电偶资料\SoftWare-BH66F5242_Thermocouple V0.2-lib-20180903\SoftWare-BH66F5242_Thermocouple V0.2-lib\User\ADC.c"
 319  0001              #pragma debug scope 1 1
 319  0001              public _fun_ADC_OPA_ZeroTest_2
 319  0001              #pragma debug scope 18 1
 330  0001              #line 330 "E:\旧电脑资料\收集的资料\手册\合泰\BH66F5242热电偶资料\SoftWare-BH66F5242_Thermocouple V0.2-lib-20180903\SoftWare-BH66F5242_Thermocouple V0.2-lib\User\ADC.c"
 330  0000              _fun_ADC_OPA_ZeroTest_2 .section 'code'
 330  0000              _fun_ADC_OPA_ZeroTest_2 proc
 330  0000  0003        	ret
 330  0001              _fun_ADC_OPA_ZeroTest_2 endp
 330  0001              #line 330 "E:\旧电脑资料\收集的资料\手册\合泰\BH66F5242热电偶资料\SoftWare-BH66F5242_Thermocouple V0.2-lib-20180903\SoftWare-BH66F5242_Thermocouple V0.2-lib\User\ADC.c"
 330  0001              #pragma debug scope 1 1
  19  0001              #line 19 "E:\旧电脑资料\收集的资料\手册\合泰\BH66F5242热电偶资料\SoftWare-BH66F5242_Thermocouple V0.2-lib-20180903\SoftWare-BH66F5242_Thermocouple V0.2-lib\User\ADC.c"
  19  0001              public _gbv_adc_flag
  19  0000              @HCCINIT0_gbv_adc_flag .section 'data'
  19  0000              _gbv_adc_flag	db 0
  19  0001              #pragma debug struct_end
  19  0001              #pragma debug struct_end
  19  0001              #pragma debug union_end
  19  0001              #pragma debug union_end
  19  0001              #pragma debug variable 43 1 _gbv_adc_flag "gbv_adc_flag"
  19  0001              
  19  0000              @HCCINIT .section 'data'
  16  0000              #line 16 "E:\旧电脑资料\收集的资料\手册\合泰\BH66F5242热电偶资料\SoftWare-BH66F5242_Thermocouple V0.2-lib-20180903\SoftWare-BH66F5242_Thermocouple V0.2-lib\User\ADC.c"
  16  0000              public _gbv_adc_Sample_Mode
  16  0000              @HCCINIT0_gbv_adc_Sample_Mode .section 'data'
  16  0000              _gbv_adc_Sample_Mode	db 0
  16  0001              #pragma debug variable 8 1 _gbv_adc_Sample_Mode "gbv_adc_Sample_Mode"
  16  0001              
  16  0000              @HCCINIT .section 'data'
  15  0000              #line 15 "E:\旧电脑资料\收集的资料\手册\合泰\BH66F5242热电偶资料\SoftWare-BH66F5242_Thermocouple V0.2-lib-20180903\SoftWare-BH66F5242_Thermocouple V0.2-lib\User\ADC.c"
  15  0000              public _gs16v_adc_buff
  15  0000              @HCCINIT0_gs16v_adc_buff .section 'data'
  15  0000  0014[       _gs16v_adc_buff	db 20 dup(0)
            00
            ]
  15  0014              #pragma debug array 44 11 10 1
  15  0014              #pragma debug array 44 11 10 1
  15  0014              #pragma debug variable 44 1 _gs16v_adc_buff "gs16v_adc_buff"
  15  0014              
  15  0000              @HCCINIT .section 'data'
  14  0000              #line 14 "E:\旧电脑资料\收集的资料\手册\合泰\BH66F5242热电偶资料\SoftWare-BH66F5242_Thermocouple V0.2-lib-20180903\SoftWare-BH66F5242_Thermocouple V0.2-lib\User\ADC.c"
  14  0000              public _gu8v_Sample_Count
文件：ADC.c        编译器版本 HGASM 0202 页次11

  14  0000              @HCCINIT0_gu8v_Sample_Count .section 'data'
  14  0000              _gu8v_Sample_Count	db 0
  14  0001              #pragma debug variable 8 1 _gu8v_Sample_Count "gu8v_Sample_Count"
  14  0001              
  14  0000              @HCCINIT .section 'data'
  14  0000              #pragma debug struct_end
  14  0000              #pragma debug struct_end
  14  0000              #pragma debug union_end
  14  0000              #pragma debug union_end
  14  0000              #pragma debug variable 46 1 ___pbs0 "__pbs0" 1
  14  0000              #pragma debug struct_end
  14  0000              #pragma debug struct_end
  14  0000              #pragma debug union_end
  14  0000              #pragma debug union_end
  14  0000              #pragma debug variable 48 1 ___pcs0 "__pcs0" 1
  14  0000              #pragma debug struct_end
  14  0000              #pragma debug struct_end
  14  0000              #pragma debug union_end
  14  0000              #pragma debug union_end
  14  0000              #pragma debug variable 50 1 ___adcs "__adcs" 1
  14  0000              #pragma debug struct_end
  14  0000              #pragma debug struct_end
  14  0000              #pragma debug union_end
  14  0000              #pragma debug union_end
  14  0000              #pragma debug variable 52 1 ___adcr0 "__adcr0" 1
  14  0000              #pragma debug struct_end
  14  0000              #pragma debug struct_end
  14  0000              #pragma debug union_end
  14  0000              #pragma debug union_end
  14  0000              #pragma debug variable 54 1 ___adcr1 "__adcr1" 1
  14  0000              #pragma debug struct_end
  14  0000              #pragma debug struct_end
  14  0000              #pragma debug union_end
  14  0000              #pragma debug union_end
  14  0000              #pragma debug variable 56 1 ___pwrc "__pwrc" 1
  14  0000              #pragma debug struct_end
  14  0000              #pragma debug struct_end
  14  0000              #pragma debug union_end
  14  0000              #pragma debug union_end
  14  0000              #pragma debug variable 58 1 ___pgac0 "__pgac0" 1
  14  0000              #pragma debug struct_end
  14  0000              #pragma debug struct_end
  14  0000              #pragma debug union_end
  14  0000              #pragma debug union_end
  14  0000              #pragma debug variable 60 1 ___pgac1 "__pgac1" 1
  14  0000              #pragma debug struct_end
  14  0000              #pragma debug struct_end
  14  0000              #pragma debug union_end
  14  0000              #pragma debug union_end
  14  0000              #pragma debug variable 62 1 ___pgacs "__pgacs" 1
  14  0000              #pragma debug variable 8 1 ___adrl "__adrl" 1
  14  0000              #pragma debug variable 8 1 ___adrm "__adrm" 1
  14  0000              #pragma debug variable 8 1 ___adrh "__adrh" 1
  14  0000              #pragma debug struct_end
  14  0000              #pragma debug struct_end
  14  0000              #pragma debug union_end
  14  0000              #pragma debug union_end
  14  0000              #pragma debug variable 64 1 ___dsopc "__dsopc" 1
  14  0000              
  14  0000              ; output external variables
文件：ADC.c        编译器版本 HGASM 0202 页次12

  14  0000              extern _gu32v_adc_data:byte
  14  0000              
  14  0000              ; 
  14  0000              ; Generated by holtek-gcc v3.19, Wed Apr 10 15:18:43 2019
  14  0000              ; Rebuild 115
  14  0000              ; end of file


        0 Errors, 0