文件：EEPROM.c     编译器版本 HGASM 0202 页次1


   1  0000              ; Generated by holtek-gcc v3.19, Wed Apr 10 15:18:42 2019
   2  0000              ; 
   3  0000              ; Configuration:
   4  0000              ;       with long instruction
   5  0000              ;       Single ROM, Multi-RAM
   6  0000              ;       bits_per_rom_unit:16
   7  0000              ;       with mp1
   8  0000              ;       with tbhp, address(0x9)
   9  0000              ;          Use tabrd-const
  10  0000              ;       
  11  0000              ; SFR address of long-instruction arch:
  12  0000              ;    mp0 = -1,1,0
  13  0000              ;    mp1 = 4,3,2
  14  0000              ;    mp2 = 14,13,12
  15  0000              ;    tbp = 9,7,8
  16  0000              ;    acc = 5
  17  0000              ;    pcl = 6
  18  0000              ;    status = 10
  19  0000              ;    bp = 11
  20  0000              ;    intc = 32
  21  0000              ;       
  22  0000              ;       
  23  0000              ; use 'tabrdc' instead of 'tabrd'
  24  0000              ;       
  25  0000              
  26  0000              #pragma translator "holtek-gcc 4.6.4" "3.19" "build 20130711"
  27  0000              ; Rebuild 115
  28  0000              
  29  0000              ir equ [2]
  30  0000              mp equ [3]
  31  0000              sbp equ [4]
  32  0000              acc equ [5]
  33  0000              bp equ [11]
  34  0000              tblp equ [7]
  35  0000              tbhp equ [9]
  36  0000              status equ [10]
  37  0000              c equ [10].0
  38  0000              ac equ [10].1
  39  0000              z equ [10].2
  40  0000              ov equ [10].3
  41  0000              cz equ [10].6
  42  0000              sc equ [10].7
  43  0000              intc equ [32]
  44  0000              
  45  0000              extern ra:byte
  46  0000              extern rb:byte
  47  0000              extern rc:byte
  48  0000              extern rd:byte
  49  0000              extern re:byte
  50  0000              extern rf:byte
  51  0000              extern rg:byte
  52  0000              extern rh:byte
  53  0000              extern _Crom2Prom:near
  54  0000              extern _Crom2PromNext:near
  55  0000              
  56  0000              RAMBANK 0 @BITDATASEC, @BITDATASEC1
  57  0000              @HCCINIT	.section 'data'
  58  0000              @HCCINIT0	.section 'data'
  59  0000              @BITDATASEC	 .section 'data'
文件：EEPROM.ASM   编译器版本 HGASM 0202 页次2

  60  0000              @BITDATASEC1	 .section 'data'
  61  0000              
  62  0000              #pragma debug scope 1 1
  63  0000              	extern __DELAY3:near
  64  0000              	extern __DELAYX3:near
  65  0000              	extern __DELAYX6:near
  66  0000              	extern __DELAYY5:near
  67  0000              	extern __DELAYY3:near
  68  0000              	extern _builtin_holtek_delay_2:byte
  69  0000              ___intc0 equ [32]
  70  0000              ___eea equ [65]
  71  0000              ___mp1h equ [4]
  72  0000              ___mp1l equ [3]
  73  0000              ___iar1 equ [2]
  74  0000              ___eed equ [66]
  75  0000              public _fun_Read_EEPROM
  76  0000              #pragma debug scope 2 1

  24  0000              #line 24 "E:\旧电脑资料\收集的资料\手册\合泰\BH66F5242热电偶资料\SoftWare-BH66F5242_Thermocouple V0.2-lib-20180903\SoftWare-BH66F5242_Thermocouple V0.2-lib\User\EEPROM.c"
  24  0000              _fun_Read_EEPROM .section 'code'
  24  0000              _fun_Read_EEPROM proc
  24  0000  00              local _fun_Read_EEPROM_2 db 1 dup(?)	; 0,1
  24  0000  0080     R  	mov _fun_Read_EEPROM_2[0],a
  24  0001              #pragma debug variable 8 2 _fun_Read_EEPROM_2+0 "addr"
  27  0001              #line 27 "E:\旧电脑资料\收集的资料\手册\合泰\BH66F5242热电偶资料\SoftWare-BH66F5242_Thermocouple V0.2-lib-20180903\SoftWare-BH66F5242_Thermocouple V0.2-lib\User\EEPROM.c"
  27  0001  0720        	mov a,[32]
  27  0002  0E01        	and a,1
  27  0003  0080     E  	mov rb,a
  28  0004              #line 28 "E:\旧电脑资料\收集的资料\手册\合泰\BH66F5242热电偶资料\SoftWare-BH66F5242_Thermocouple V0.2-lib-20180903\SoftWare-BH66F5242_Thermocouple V0.2-lib\User\EEPROM.c"
  28  0004  3420        	clr [32].0
  30  0005              #line 30 "E:\旧电脑资料\收集的资料\手册\合泰\BH66F5242热电偶资料\SoftWare-BH66F5242_Thermocouple V0.2-lib-20180903\SoftWare-BH66F5242_Thermocouple V0.2-lib\User\EEPROM.c"
  30  0005  0700     R  	mov a,_fun_Read_EEPROM_2[0]
  30  0006  00C1        	mov [65],a
  32  0007              #line 32 "E:\旧电脑资料\收集的资料\手册\合泰\BH66F5242热电偶资料\SoftWare-BH66F5242_Thermocouple V0.2-lib-20180903\SoftWare-BH66F5242_Thermocouple V0.2-lib\User\EEPROM.c"
  32  0007  0F01        	mov a,1
  32  0008  0084        	mov [4],a
  33  0009              #line 33 "E:\旧电脑资料\收集的资料\手册\合泰\BH66F5242热电偶资料\SoftWare-BH66F5242_Thermocouple V0.2-lib-20180903\SoftWare-BH66F5242_Thermocouple V0.2-lib\User\EEPROM.c"
  33  0009  0F40        	mov a,64
  33  000A  0083        	mov [3],a
  34  000B              #line 34 "E:\旧电脑资料\收集的资料\手册\合泰\BH66F5242热电偶资料\SoftWare-BH66F5242_Thermocouple V0.2-lib-20180903\SoftWare-BH66F5242_Thermocouple V0.2-lib\User\EEPROM.c"
  34  000B  3082        	set [2].1
  35  000C              #line 35 "E:\旧电脑资料\收集的资料\手册\合泰\BH66F5242热电偶资料\SoftWare-BH66F5242_Thermocouple V0.2-lib-20180903\SoftWare-BH66F5242_Thermocouple V0.2-lib\User\EEPROM.c"
  35  000C  3002        	set [2].0
  35  000D              _L3:
  36  000D              #line 36 "E:\旧电脑资料\收集的资料\手册\合泰\BH66F5242热电偶资料\SoftWare-BH66F5242_Thermocouple V0.2-lib-20180903\SoftWare-BH66F5242_Thermocouple V0.2-lib\User\EEPROM.c"
  36  000D  3C02        	sz [2].0
  36  000E  2800     R  	jmp _L3
  37  000F              #line 37 "E:\旧电脑资料\收集的资料\手册\合泰\BH66F5242热电偶资料\SoftWare-BH66F5242_Thermocouple V0.2-lib-20180903\SoftWare-BH66F5242_Thermocouple V0.2-lib\User\EEPROM.c"
  37  000F  0742        	mov a,[66]
  37  0010  0080     E  	mov ra,a
  38  0011              #line 38 "E:\旧电脑资料\收集的资料\手册\合泰\BH66F5242热电偶资料\SoftWare-BH66F5242_Thermocouple V0.2-lib-20180903\SoftWare-BH66F5242_Thermocouple V0.2-lib\User\EEPROM.c"
  38  0011  3482        	clr [2].1
  41  0012              #line 41 "E:\旧电脑资料\收集的资料\手册\合泰\BH66F5242热电偶资料\SoftWare-BH66F5242_Thermocouple V0.2-lib-20180903\SoftWare-BH66F5242_Thermocouple V0.2-lib\User\EEPROM.c"
  41  0012  3420        	clr [32].0
  41  0013  0700     E  	mov a,rb
  41  0014  05A0        	orm a,[32]
  43  0015              #line 43 "E:\旧电脑资料\收集的资料\手册\合泰\BH66F5242热电偶资料\SoftWare-BH66F5242_Thermocouple V0.2-lib-20180903\SoftWare-BH66F5242_Thermocouple V0.2-lib\User\EEPROM.c"
  43  0015  0700     E  	mov a,ra
  43  0016  0003        	ret
  43  0017              _fun_Read_EEPROM endp
文件：EEPROM.c     编译器版本 HGASM 0202 页次3

  43  0017              #line 43 "E:\旧电脑资料\收集的资料\手册\合泰\BH66F5242热电偶资料\SoftWare-BH66F5242_Thermocouple V0.2-lib-20180903\SoftWare-BH66F5242_Thermocouple V0.2-lib\User\EEPROM.c"
  43  0017              #pragma debug scope 1 1
  43  0017              public _fun_Write_EEPROM
  43  0017              #pragma debug scope 3 1
  52  0017              #line 52 "E:\旧电脑资料\收集的资料\手册\合泰\BH66F5242热电偶资料\SoftWare-BH66F5242_Thermocouple V0.2-lib-20180903\SoftWare-BH66F5242_Thermocouple V0.2-lib\User\EEPROM.c"
  52  0000              _fun_Write_EEPROM .section 'code'
  52  0000              _fun_Write_EEPROM proc
  52  0000              public _fun_Write_EEPROM_2
  52  0000  0002[           local _fun_Write_EEPROM_2 db 2 dup(?)	; 1,1
            00
            ]
  52  0000  0080     R  	mov _fun_Write_EEPROM_2[1],a
  52  0001              #pragma debug variable 8 3 _fun_Write_EEPROM_2+1 "addr"
  52  0001              #pragma debug variable 8 3 _fun_Write_EEPROM_2+0 "data"
  54  0001              #line 54 "E:\旧电脑资料\收集的资料\手册\合泰\BH66F5242热电偶资料\SoftWare-BH66F5242_Thermocouple V0.2-lib-20180903\SoftWare-BH66F5242_Thermocouple V0.2-lib\User\EEPROM.c"
  54  0001  0720        	mov a,[32]
  54  0002  0E01        	and a,1
  54  0003  0080     E  	mov ra,a
  55  0004              #line 55 "E:\旧电脑资料\收集的资料\手册\合泰\BH66F5242热电偶资料\SoftWare-BH66F5242_Thermocouple V0.2-lib-20180903\SoftWare-BH66F5242_Thermocouple V0.2-lib\User\EEPROM.c"
  55  0004  3420        	clr [32].0
  56  0005              #line 56 "E:\旧电脑资料\收集的资料\手册\合泰\BH66F5242热电偶资料\SoftWare-BH66F5242_Thermocouple V0.2-lib-20180903\SoftWare-BH66F5242_Thermocouple V0.2-lib\User\EEPROM.c"
  56  0005  0700     R  	mov a,_fun_Write_EEPROM_2[1]
  56  0006  00C1        	mov [65],a
  57  0007              #line 57 "E:\旧电脑资料\收集的资料\手册\合泰\BH66F5242热电偶资料\SoftWare-BH66F5242_Thermocouple V0.2-lib-20180903\SoftWare-BH66F5242_Thermocouple V0.2-lib\User\EEPROM.c"
  57  0007  0700     R  	mov a,_fun_Write_EEPROM_2[0]
  57  0008  00C2        	mov [66],a
  60  0009              #line 60 "E:\旧电脑资料\收集的资料\手册\合泰\BH66F5242热电偶资料\SoftWare-BH66F5242_Thermocouple V0.2-lib-20180903\SoftWare-BH66F5242_Thermocouple V0.2-lib\User\EEPROM.c"
  60  0009  0F01        	mov a,1
  60  000A  0084        	mov [4],a
  61  000B              #line 61 "E:\旧电脑资料\收集的资料\手册\合泰\BH66F5242热电偶资料\SoftWare-BH66F5242_Thermocouple V0.2-lib-20180903\SoftWare-BH66F5242_Thermocouple V0.2-lib\User\EEPROM.c"
  61  000B  0F40        	mov a,64
  61  000C  0083        	mov [3],a
  62  000D              #line 62 "E:\旧电脑资料\收集的资料\手册\合泰\BH66F5242热电偶资料\SoftWare-BH66F5242_Thermocouple V0.2-lib-20180903\SoftWare-BH66F5242_Thermocouple V0.2-lib\User\EEPROM.c"
  62  000D  3182        	set [2].3
  63  000E              #line 63 "E:\旧电脑资料\收集的资料\手册\合泰\BH66F5242热电偶资料\SoftWare-BH66F5242_Thermocouple V0.2-lib-20180903\SoftWare-BH66F5242_Thermocouple V0.2-lib\User\EEPROM.c"
  63  000E  3102        	set [2].2
  64  000F              #line 64 "E:\旧电脑资料\收集的资料\手册\合泰\BH66F5242热电偶资料\SoftWare-BH66F5242_Thermocouple V0.2-lib-20180903\SoftWare-BH66F5242_Thermocouple V0.2-lib\User\EEPROM.c"
  64  000F              ;# 64 "E:\旧电脑资料\收集的资料\手册\合泰\BH66F5242热电偶资料\SoftWare-BH66F5242_Thermocouple V0.2-lib-20180903\SoftWare-BH66F5242_Thermocouple V0.2-lib\User\EEPROM.c" 1
  64  000F  0000        	nop
  64  0010              _L7:
  65  0010              #line 65 "E:\旧电脑资料\收集的资料\手册\合泰\BH66F5242热电偶资料\SoftWare-BH66F5242_Thermocouple V0.2-lib-20180903\SoftWare-BH66F5242_Thermocouple V0.2-lib\User\EEPROM.c"
  65  0010  3D02        	sz [2].2
  65  0011  2800     R  	jmp _L7
  66  0012              #line 66 "E:\旧电脑资料\收集的资料\手册\合泰\BH66F5242热电偶资料\SoftWare-BH66F5242_Thermocouple V0.2-lib-20180903\SoftWare-BH66F5242_Thermocouple V0.2-lib\User\EEPROM.c"
  66  0012  3582        	clr [2].3
  69  0013              #line 69 "E:\旧电脑资料\收集的资料\手册\合泰\BH66F5242热电偶资料\SoftWare-BH66F5242_Thermocouple V0.2-lib-20180903\SoftWare-BH66F5242_Thermocouple V0.2-lib\User\EEPROM.c"
  69  0013  3420        	clr [32].0
  69  0014  0700     E  	mov a,ra
  69  0015  05A0        	orm a,[32]
  69  0016  0003        	ret
  69  0017              _fun_Write_EEPROM endp
  69  0017              #line 69 "E:\旧电脑资料\收集的资料\手册\合泰\BH66F5242热电偶资料\SoftWare-BH66F5242_Thermocouple V0.2-lib-20180903\SoftWare-BH66F5242_Thermocouple V0.2-lib\User\EEPROM.c"
  69  0017              #pragma debug scope 1 1
  69  0017              public _TEST_EEPROM
  69  0017              #pragma debug scope 4 1
  81  0017              #line 81 "E:\旧电脑资料\收集的资料\手册\合泰\BH66F5242热电偶资料\SoftWare-BH66F5242_Thermocouple V0.2-lib-20180903\SoftWare-BH66F5242_Thermocouple V0.2-lib\User\EEPROM.c"
  81  0000              _TEST_EEPROM .section 'code'
  81  0000              _TEST_EEPROM proc
  81  0000  00              local _TEST_EEPROM_2 db 1 dup(?)	; 0,1
  81  0001              #pragma debug variable 8 4 _TEST_EEPROM_2+0 "lu8v_eeprom_length"
文件：EEPROM.c     编译器版本 HGASM 0202 页次4

  81  0000  0003        	ret
  81  0001              _TEST_EEPROM endp
  81  0001              #line 81 "E:\旧电脑资料\收集的资料\手册\合泰\BH66F5242热电偶资料\SoftWare-BH66F5242_Thermocouple V0.2-lib-20180903\SoftWare-BH66F5242_Thermocouple V0.2-lib\User\EEPROM.c"
  81  0001              #pragma debug scope 1 1
  81  0001              #pragma debug variable 8 1 ___mp1l "__mp1l" 1
  81  0001              #pragma debug variable 8 1 ___mp1h "__mp1h" 1
  81  0001              #pragma debug struct_end
  81  0001              #pragma debug struct_end
  81  0001              #pragma debug union_end
  81  0001              #pragma debug union_end
  81  0001              #pragma debug variable 43 1 ___intc0 "__intc0" 1
  81  0001              #pragma debug struct_end
  81  0001              #pragma debug struct_end
  81  0001              #pragma debug union_end
  81  0001              #pragma debug union_end
  81  0001              #pragma debug variable 45 1 ___eea "__eea" 1
  81  0001              #pragma debug struct_end
  81  0001              #pragma debug struct_end
  81  0001              #pragma debug union_end
  81  0001              #pragma debug union_end
  81  0001              #pragma debug variable 47 1 ___eed "__eed" 1
  81  0001              #pragma debug variable 8 1 ___iar1 "__iar1" 1
  81  0001              
  81  0001              ; 
  81  0001              ; Generated by holtek-gcc v3.19, Wed Apr 10 15:18:42 2019
  81  0001              ; Rebuild 115
  81  0001              ; end of file


        0 Errors, 0