文件：Key_Scan.c   编译器版本 HGASM 0202 页次1


   1  0000              ; Generated by holtek-gcc v3.19, Wed Apr 10 15:18:42 2019
   2  0000              ; 
   3  0000              ; Configuration:
   4  0000              ;       with long instruction
   5  0000              ;       Single ROM, Multi-RAM
   6  0000              ;       bits_per_rom_unit:16
   7  0000              ;       with mp1
   8  0000              ;       with tbhp, address(0x9)
   9  0000              ;          Use tabrd-const
  10  0000              ;       
  11  0000              ; SFR address of long-instruction arch:
  12  0000              ;    mp0 = -1,1,0
  13  0000              ;    mp1 = 4,3,2
  14  0000              ;    mp2 = 14,13,12
  15  0000              ;    tbp = 9,7,8
  16  0000              ;    acc = 5
  17  0000              ;    pcl = 6
  18  0000              ;    status = 10
  19  0000              ;    bp = 11
  20  0000              ;    intc = 32
  21  0000              ;       
  22  0000              ;       
  23  0000              ; use 'tabrdc' instead of 'tabrd'
  24  0000              ;       
  25  0000              
  26  0000              #pragma translator "holtek-gcc 4.6.4" "3.19" "build 20130711"
  27  0000              ; Rebuild 115
  28  0000              
  29  0000              ir equ [2]
  30  0000              mp equ [3]
  31  0000              sbp equ [4]
  32  0000              acc equ [5]
  33  0000              bp equ [11]
  34  0000              tblp equ [7]
  35  0000              tbhp equ [9]
  36  0000              status equ [10]
  37  0000              c equ [10].0
  38  0000              ac equ [10].1
  39  0000              z equ [10].2
  40  0000              ov equ [10].3
  41  0000              cz equ [10].6
  42  0000              sc equ [10].7
  43  0000              intc equ [32]
  44  0000              
  45  0000              extern ra:byte
  46  0000              extern rb:byte
  47  0000              extern rc:byte
  48  0000              extern rd:byte
  49  0000              extern re:byte
  50  0000              extern rf:byte
  51  0000              extern rg:byte
  52  0000              extern rh:byte
  53  0000              extern _Crom2Prom:near
  54  0000              extern _Crom2PromNext:near
  55  0000              
  56  0000              RAMBANK 0 @BITDATASEC, @BITDATASEC1
  57  0000              @HCCINIT	.section 'data'
  58  0000              @HCCINIT0	.section 'data'
  59  0000              @BITDATASEC	 .section 'data'
文件：Key_Scan.ASM 编译器版本 HGASM 0202 页次2

  60  0000              @BITDATASEC1	 .section 'data'
  61  0000              
  62  0000              #pragma debug scope 1 1
  63  0000              	extern __DELAY3:near
  64  0000              	extern __DELAYX3:near
  65  0000              	extern __DELAYX6:near
  66  0000              	extern __DELAYY5:near
  67  0000              	extern __DELAYY3:near
  68  0000              	extern _builtin_holtek_delay_2:byte
  69  0000              ___pawu equ [23]
  70  0000              ___papu equ [22]
  71  0000              ___pac equ [21]
  72  0000              public _fun_Key_init
  73  0000              #pragma debug scope 2 1

  37  0000              #line 37 "E:\旧电脑资料\收集的资料\手册\合泰\BH66F5242热电偶资料\SoftWare-BH66F5242_Thermocouple V0.2-lib-20180903\SoftWare-BH66F5242_Thermocouple V0.2-lib\User\Key_Scan.c"
  37  0000              _fun_Key_init .section 'code'
  37  0000              _fun_Key_init proc
  38  0000              #line 38 "E:\旧电脑资料\收集的资料\手册\合泰\BH66F5242热电偶资料\SoftWare-BH66F5242_Thermocouple V0.2-lib-20180903\SoftWare-BH66F5242_Thermocouple V0.2-lib\User\Key_Scan.c"
  38  0000  3097        	set [23].1
  39  0001              #line 39 "E:\旧电脑资料\收集的资料\手册\合泰\BH66F5242热电偶资料\SoftWare-BH66F5242_Thermocouple V0.2-lib-20180903\SoftWare-BH66F5242_Thermocouple V0.2-lib\User\Key_Scan.c"
  39  0001  3096        	set [22].1
  40  0002              #line 40 "E:\旧电脑资料\收集的资料\手册\合泰\BH66F5242热电偶资料\SoftWare-BH66F5242_Thermocouple V0.2-lib-20180903\SoftWare-BH66F5242_Thermocouple V0.2-lib\User\Key_Scan.c"
  40  0002  3095        	set [21].1
  40  0003  0003        	ret
  40  0004              _fun_Key_init endp
  40  0004              #line 40 "E:\旧电脑资料\收集的资料\手册\合泰\BH66F5242热电偶资料\SoftWare-BH66F5242_Thermocouple V0.2-lib-20180903\SoftWare-BH66F5242_Thermocouple V0.2-lib\User\Key_Scan.c"
  40  0004              #pragma debug scope 1 1
  40  0004              public _fun_Key_dealwith
  40  0004              #pragma debug scope 3 1
  57  0004              #line 57 "E:\旧电脑资料\收集的资料\手册\合泰\BH66F5242热电偶资料\SoftWare-BH66F5242_Thermocouple V0.2-lib-20180903\SoftWare-BH66F5242_Thermocouple V0.2-lib\User\Key_Scan.c"
  57  0000              _fun_Key_dealwith .section 'code'
  57  0000              _fun_Key_dealwith proc
  57  0000  0003        	ret
  57  0001              _fun_Key_dealwith endp
  57  0001              #line 57 "E:\旧电脑资料\收集的资料\手册\合泰\BH66F5242热电偶资料\SoftWare-BH66F5242_Thermocouple V0.2-lib-20180903\SoftWare-BH66F5242_Thermocouple V0.2-lib\User\Key_Scan.c"
  57  0001              #pragma debug scope 1 1
  57  0001              ___pa equ [20]
  57  0001              public _fun_Key_Scan
  57  0001              #pragma debug scope 4 1
  68  0001              #line 68 "E:\旧电脑资料\收集的资料\手册\合泰\BH66F5242热电偶资料\SoftWare-BH66F5242_Thermocouple V0.2-lib-20180903\SoftWare-BH66F5242_Thermocouple V0.2-lib\User\Key_Scan.c"
  68  0000              _fun_Key_Scan .section 'code'
  68  0000              _fun_Key_Scan proc
  70  0000              #line 70 "E:\旧电脑资料\收集的资料\手册\合泰\BH66F5242热电偶资料\SoftWare-BH66F5242_Thermocouple V0.2-lib-20180903\SoftWare-BH66F5242_Thermocouple V0.2-lib\User\Key_Scan.c"
  70  0000  1F00     R  	clr _gu8v_KeyCurrent[0]
  72  0001              #line 72 "E:\旧电脑资料\收集的资料\手册\合泰\BH66F5242热电偶资料\SoftWare-BH66F5242_Thermocouple V0.2-lib-20180903\SoftWare-BH66F5242_Thermocouple V0.2-lib\User\Key_Scan.c"
  72  0001  3C94        	sz [20].1
  72  0002  2800     R  	jmp _L4
  74  0003              #line 74 "E:\旧电脑资料\收集的资料\手册\合泰\BH66F5242热电偶资料\SoftWare-BH66F5242_Thermocouple V0.2-lib-20180903\SoftWare-BH66F5242_Thermocouple V0.2-lib\User\Key_Scan.c"
  74  0003  3000     R  	set _gu8v_KeyCurrent[0].0
  74  0004              _L4:
  85  0004              #line 85 "E:\旧电脑资料\收集的资料\手册\合泰\BH66F5242热电偶资料\SoftWare-BH66F5242_Thermocouple V0.2-lib-20180903\SoftWare-BH66F5242_Thermocouple V0.2-lib\User\Key_Scan.c"
  85  0004  0700     R  	mov a,_gu8v_KeyCurrent[0]
  85  0005  0200     R  	sub a,_gu8v_KeyOld[0]
  85  0006  3D0A        	sz z
  85  0007  2800     R  	jmp _L5
  87  0008              #line 87 "E:\旧电脑资料\收集的资料\手册\合泰\BH66F5242热电偶资料\SoftWare-BH66F5242_Thermocouple V0.2-lib-20180903\SoftWare-BH66F5242_Thermocouple V0.2-lib\User\Key_Scan.c"
  87  0008  1F00     R  	clr _gu8v_KeyNoChangedTime[0]
  88  0009              #line 88 "E:\旧电脑资料\收集的资料\手册\合泰\BH66F5242热电偶资料\SoftWare-BH66F5242_Thermocouple V0.2-lib-20180903\SoftWare-BH66F5242_Thermocouple V0.2-lib\User\Key_Scan.c"
  88  0009  0700     R  	mov a,_gu8v_KeyCurrent[0]
文件：Key_Scan.c   编译器版本 HGASM 0202 页次3

  88  000A  0080     R  	mov _gu8v_KeyOld[0],a
  89  000B              #line 89 "E:\旧电脑资料\收集的资料\手册\合泰\BH66F5242热电偶资料\SoftWare-BH66F5242_Thermocouple V0.2-lib-20180903\SoftWare-BH66F5242_Thermocouple V0.2-lib\User\Key_Scan.c"
  89  000B  1F00     R  	clr _gu8v_KeyDown[0]
  89  000C  2800     R  	jmp _L9
  89  000D              _L5:
  95  000D              #line 95 "E:\旧电脑资料\收集的资料\手册\合泰\BH66F5242热电偶资料\SoftWare-BH66F5242_Thermocouple V0.2-lib-20180903\SoftWare-BH66F5242_Thermocouple V0.2-lib\User\Key_Scan.c"
  95  000D  1480     R  	inc _gu8v_KeyNoChangedTime[0]
  96  000E              #line 96 "E:\旧电脑资料\收集的资料\手册\合泰\BH66F5242热电偶资料\SoftWare-BH66F5242_Thermocouple V0.2-lib-20180903\SoftWare-BH66F5242_Thermocouple V0.2-lib\User\Key_Scan.c"
  96  000E  0F04        	mov a,4
  96  000F  0200     R  	sub a,_gu8v_KeyNoChangedTime[0]
  96  0010  3C0A        	sz c
  96  0011  2800     R  	jmp _L7
  98  0012              #line 98 "E:\旧电脑资料\收集的资料\手册\合泰\BH66F5242热电偶资料\SoftWare-BH66F5242_Thermocouple V0.2-lib-20180903\SoftWare-BH66F5242_Thermocouple V0.2-lib\User\Key_Scan.c"
  98  0012  0F05        	mov a,5
  98  0013  0080     R  	mov _gu8v_KeyNoChangedTime[0],a
  99  0014              #line 99 "E:\旧电脑资料\收集的资料\手册\合泰\BH66F5242热电偶资料\SoftWare-BH66F5242_Thermocouple V0.2-lib-20180903\SoftWare-BH66F5242_Thermocouple V0.2-lib\User\Key_Scan.c"
  99  0014  0700     R  	mov a,_gu8v_KeyOld[0]
  99  0015  0080     R  	mov _gu8v_KeyPress[0],a
 100  0016              #line 100 "E:\旧电脑资料\收集的资料\手册\合泰\BH66F5242热电偶资料\SoftWare-BH66F5242_Thermocouple V0.2-lib-20180903\SoftWare-BH66F5242_Thermocouple V0.2-lib\User\Key_Scan.c"
 100  0016  0700     R  	mov a,_gu8v_KeyLast[0]
 100  0017  0400     R  	xor a,_gu8v_KeyPress[0]
 100  0018  0080     E  	mov ra,a
 100  0019  0700     E  	mov a,ra
 100  001A  0600     R  	and a,_gu8v_KeyPress[0]
 100  001B  0080     R  	mov _gu8v_KeyDown[0],a
 101  001C              #line 101 "E:\旧电脑资料\收集的资料\手册\合泰\BH66F5242热电偶资料\SoftWare-BH66F5242_Thermocouple V0.2-lib-20180903\SoftWare-BH66F5242_Thermocouple V0.2-lib\User\Key_Scan.c"
 101  001C  0100     R  	cpla _gu8v_KeyPress[0]
 101  001D  0080     E  	mov ra,a
 101  001E  0700     R  	mov a,_gu8v_KeyLast[0]
 101  001F  0680     E  	andm a,ra
 101  0020  0700     E  	mov a,ra
 101  0021  0580     R  	orm a,_gu8v_KeyUp[0]
 102  0022              #line 102 "E:\旧电脑资料\收集的资料\手册\合泰\BH66F5242热电偶资料\SoftWare-BH66F5242_Thermocouple V0.2-lib-20180903\SoftWare-BH66F5242_Thermocouple V0.2-lib\User\Key_Scan.c"
 102  0022  0700     R  	mov a,_gu8v_KeyPress[0]
 102  0023  0080     R  	mov _gu8v_KeyLast[0],a
 102  0024              _L7:
 105  0024              #line 105 "E:\旧电脑资料\收集的资料\手册\合泰\BH66F5242热电偶资料\SoftWare-BH66F5242_Thermocouple V0.2-lib-20180903\SoftWare-BH66F5242_Thermocouple V0.2-lib\User\Key_Scan.c"
 105  0024  3800     R  	snz _gu8v_KeyUp[0].0
 105  0025  2800     R  	jmp _L8
 107  0026              #line 107 "E:\旧电脑资料\收集的资料\手册\合泰\BH66F5242热电偶资料\SoftWare-BH66F5242_Thermocouple V0.2-lib-20180903\SoftWare-BH66F5242_Thermocouple V0.2-lib\User\Key_Scan.c"
 107  0026  3000     R  	set _gu8v_Key_status[0].0
 107  0027              _L8:
 109  0027              #line 109 "E:\旧电脑资料\收集的资料\手册\合泰\BH66F5242热电偶资料\SoftWare-BH66F5242_Thermocouple V0.2-lib-20180903\SoftWare-BH66F5242_Thermocouple V0.2-lib\User\Key_Scan.c"
 109  0027  1E00     R  	snz _gu8v_KeyDown[0]
 109  0028  2800     R  	jmp _L9
 111  0029              #line 111 "E:\旧电脑资料\收集的资料\手册\合泰\BH66F5242热电偶资料\SoftWare-BH66F5242_Thermocouple V0.2-lib-20180903\SoftWare-BH66F5242_Thermocouple V0.2-lib\User\Key_Scan.c"
 111  0029  1F00     E  	clr _gu8v_halt_time[0]
 111  002A              _L9:
 113  002A              #line 113 "E:\旧电脑资料\收集的资料\手册\合泰\BH66F5242热电偶资料\SoftWare-BH66F5242_Thermocouple V0.2-lib-20180903\SoftWare-BH66F5242_Thermocouple V0.2-lib\User\Key_Scan.c"
 113  002A  1F00     R  	clr _gu8v_KeyUp[0]
 113  002B  0003        	ret
 113  002C              _fun_Key_Scan endp
 113  002C              #line 113 "E:\旧电脑资料\收集的资料\手册\合泰\BH66F5242热电偶资料\SoftWare-BH66F5242_Thermocouple V0.2-lib-20180903\SoftWare-BH66F5242_Thermocouple V0.2-lib\User\Key_Scan.c"
 113  002C              #pragma debug scope 1 1
  27  002C              #line 27 "E:\旧电脑资料\收集的资料\手册\合泰\BH66F5242热电偶资料\SoftWare-BH66F5242_Thermocouple V0.2-lib-20180903\SoftWare-BH66F5242_Thermocouple V0.2-lib\User\Key_Scan.c"
  27  002C              public _gu8v_Keypress_time
  27  0000              @HCCINIT0_gu8v_Keypress_time .section 'data'
  27  0000              _gu8v_Keypress_time	db 0
  27  0001              #pragma debug variable 8 1 _gu8v_Keypress_time "gu8v_Keypress_time"
  27  0001              
文件：Key_Scan.c   编译器版本 HGASM 0202 页次4

  27  0000              @HCCINIT .section 'data'
  26  0000              #line 26 "E:\旧电脑资料\收集的资料\手册\合泰\BH66F5242热电偶资料\SoftWare-BH66F5242_Thermocouple V0.2-lib-20180903\SoftWare-BH66F5242_Thermocouple V0.2-lib\User\Key_Scan.c"
  26  0000              public _gu8v_Key_status
  26  0000              @HCCINIT0_gu8v_Key_status .section 'data'
  26  0000              _gu8v_Key_status	db 0
  26  0001              #pragma debug struct_end
  26  0001              #pragma debug struct_end
  26  0001              #pragma debug union_end
  26  0001              #pragma debug union_end
  26  0001              #pragma debug variable 43 1 _gu8v_Key_status "gu8v_Key_status"
  26  0001              
  26  0000              @HCCINIT .section 'data'
  25  0000              #line 25 "E:\旧电脑资料\收集的资料\手册\合泰\BH66F5242热电偶资料\SoftWare-BH66F5242_Thermocouple V0.2-lib-20180903\SoftWare-BH66F5242_Thermocouple V0.2-lib\User\Key_Scan.c"
  25  0000              public _gu8v_KeyCanChange
  25  0000              @HCCINIT0_gu8v_KeyCanChange .section 'data'
  25  0000              _gu8v_KeyCanChange	db 0
  25  0001              #pragma debug variable 8 1 _gu8v_KeyCanChange "gu8v_KeyCanChange"
  25  0001              
  25  0000              @HCCINIT .section 'data'
  24  0000              #line 24 "E:\旧电脑资料\收集的资料\手册\合泰\BH66F5242热电偶资料\SoftWare-BH66F5242_Thermocouple V0.2-lib-20180903\SoftWare-BH66F5242_Thermocouple V0.2-lib\User\Key_Scan.c"
  24  0000              public _gu8v_KeyLast
  24  0000              @HCCINIT0_gu8v_KeyLast .section 'data'
  24  0000              _gu8v_KeyLast	db 0
  24  0001              #pragma debug variable 8 1 _gu8v_KeyLast "gu8v_KeyLast"
  24  0001              
  24  0000              @HCCINIT .section 'data'
  23  0000              #line 23 "E:\旧电脑资料\收集的资料\手册\合泰\BH66F5242热电偶资料\SoftWare-BH66F5242_Thermocouple V0.2-lib-20180903\SoftWare-BH66F5242_Thermocouple V0.2-lib\User\Key_Scan.c"
  23  0000              public _gu8v_KeyUp
  23  0000              @HCCINIT0_gu8v_KeyUp .section 'data'
  23  0000              _gu8v_KeyUp	db 0
  23  0001              #pragma debug variable 43 1 _gu8v_KeyUp "gu8v_KeyUp"
  23  0001              
  23  0000              @HCCINIT .section 'data'
  21  0000              #line 21 "E:\旧电脑资料\收集的资料\手册\合泰\BH66F5242热电偶资料\SoftWare-BH66F5242_Thermocouple V0.2-lib-20180903\SoftWare-BH66F5242_Thermocouple V0.2-lib\User\Key_Scan.c"
  21  0000              public _gu8v_KeyPress
  21  0000              @HCCINIT0_gu8v_KeyPress .section 'data'
  21  0000              _gu8v_KeyPress	db 0
  21  0001              #pragma debug variable 43 1 _gu8v_KeyPress "gu8v_KeyPress"
  21  0001              
  21  0000              @HCCINIT .section 'data'
  20  0000              #line 20 "E:\旧电脑资料\收集的资料\手册\合泰\BH66F5242热电偶资料\SoftWare-BH66F5242_Thermocouple V0.2-lib-20180903\SoftWare-BH66F5242_Thermocouple V0.2-lib\User\Key_Scan.c"
  20  0000              public _gu8v_KeyNoChangedTime
  20  0000              @HCCINIT0_gu8v_KeyNoChangedTime .section 'data'
  20  0000              _gu8v_KeyNoChangedTime	db 0
  20  0001              #pragma debug variable 8 1 _gu8v_KeyNoChangedTime "gu8v_KeyNoChangedTime"
  20  0001              
  20  0000              @HCCINIT .section 'data'
  19  0000              #line 19 "E:\旧电脑资料\收集的资料\手册\合泰\BH66F5242热电偶资料\SoftWare-BH66F5242_Thermocouple V0.2-lib-20180903\SoftWare-BH66F5242_Thermocouple V0.2-lib\User\Key_Scan.c"
  19  0000              public _gu8v_KeyOld
  19  0000              @HCCINIT0_gu8v_KeyOld .section 'data'
  19  0000              _gu8v_KeyOld	db 0
  19  0001              #pragma debug variable 8 1 _gu8v_KeyOld "gu8v_KeyOld"
  19  0001              
  19  0000              @HCCINIT .section 'data'
  18  0000              #line 18 "E:\旧电脑资料\收集的资料\手册\合泰\BH66F5242热电偶资料\SoftWare-BH66F5242_Thermocouple V0.2-lib-20180903\SoftWare-BH66F5242_Thermocouple V0.2-lib\User\Key_Scan.c"
  18  0000              public _gu8v_KeyDown
  18  0000              @HCCINIT0_gu8v_KeyDown .section 'data'
  18  0000              _gu8v_KeyDown	db 0
  18  0001              #pragma debug variable 43 1 _gu8v_KeyDown "gu8v_KeyDown"
  18  0001              
文件：Key_Scan.c   编译器版本 HGASM 0202 页次5

  18  0000              @HCCINIT .section 'data'
  17  0000              #line 17 "E:\旧电脑资料\收集的资料\手册\合泰\BH66F5242热电偶资料\SoftWare-BH66F5242_Thermocouple V0.2-lib-20180903\SoftWare-BH66F5242_Thermocouple V0.2-lib\User\Key_Scan.c"
  17  0000              public _gu8v_KeyCurrent
  17  0000              @HCCINIT0_gu8v_KeyCurrent .section 'data'
  17  0000              _gu8v_KeyCurrent	db 0
  17  0001              #pragma debug variable 43 1 _gu8v_KeyCurrent "gu8v_KeyCurrent"
  17  0001              
  17  0000              @HCCINIT .section 'data'
  17  0000              #pragma debug struct_end
  17  0000              #pragma debug struct_end
  17  0000              #pragma debug union_end
  17  0000              #pragma debug union_end
  17  0000              #pragma debug variable 45 1 ___pa "__pa" 1
  17  0000              #pragma debug struct_end
  17  0000              #pragma debug struct_end
  17  0000              #pragma debug union_end
  17  0000              #pragma debug union_end
  17  0000              #pragma debug variable 47 1 ___pac "__pac" 1
  17  0000              #pragma debug struct_end
  17  0000              #pragma debug struct_end
  17  0000              #pragma debug union_end
  17  0000              #pragma debug union_end
  17  0000              #pragma debug variable 49 1 ___papu "__papu" 1
  17  0000              #pragma debug struct_end
  17  0000              #pragma debug struct_end
  17  0000              #pragma debug union_end
  17  0000              #pragma debug union_end
  17  0000              #pragma debug variable 51 1 ___pawu "__pawu" 1
  17  0000              
  17  0000              ; output external variables
  17  0000              extern _gu8v_halt_time:byte
  17  0000              
  17  0000              ; 
  17  0000              ; Generated by holtek-gcc v3.19, Wed Apr 10 15:18:42 2019
  17  0000              ; Rebuild 115
  17  0000              ; end of file


        0 Errors, 0