文件：Sys_Init.C   编译器版本 HGASM 0202 页次1


   1  0000              ; Generated by holtek-gcc v3.19, Wed Apr 10 15:18:42 2019
   2  0000              ; 
   3  0000              ; Configuration:
   4  0000              ;       with long instruction
   5  0000              ;       Single ROM, Multi-RAM
   6  0000              ;       bits_per_rom_unit:16
   7  0000              ;       with mp1
   8  0000              ;       with tbhp, address(0x9)
   9  0000              ;          Use tabrd-const
  10  0000              ;       
  11  0000              ; SFR address of long-instruction arch:
  12  0000              ;    mp0 = -1,1,0
  13  0000              ;    mp1 = 4,3,2
  14  0000              ;    mp2 = 14,13,12
  15  0000              ;    tbp = 9,7,8
  16  0000              ;    acc = 5
  17  0000              ;    pcl = 6
  18  0000              ;    status = 10
  19  0000              ;    bp = 11
  20  0000              ;    intc = 32
  21  0000              ;       
  22  0000              ;       
  23  0000              ; use 'tabrdc' instead of 'tabrd'
  24  0000              ;       
  25  0000              
  26  0000              #pragma translator "holtek-gcc 4.6.4" "3.19" "build 20130711"
  27  0000              ; Rebuild 115
  28  0000              
  29  0000              ir equ [2]
  30  0000              mp equ [3]
  31  0000              sbp equ [4]
  32  0000              acc equ [5]
  33  0000              bp equ [11]
  34  0000              tblp equ [7]
  35  0000              tbhp equ [9]
  36  0000              status equ [10]
  37  0000              c equ [10].0
  38  0000              ac equ [10].1
  39  0000              z equ [10].2
  40  0000              ov equ [10].3
  41  0000              cz equ [10].6
  42  0000              sc equ [10].7
  43  0000              intc equ [32]
  44  0000              
  45  0000              extern ra:byte
  46  0000              extern rb:byte
  47  0000              extern rc:byte
  48  0000              extern rd:byte
  49  0000              extern re:byte
  50  0000              extern rf:byte
  51  0000              extern rg:byte
  52  0000              extern rh:byte
  53  0000              extern _Crom2Prom:near
  54  0000              extern _Crom2PromNext:near
  55  0000              
  56  0000              RAMBANK 0 @BITDATASEC, @BITDATASEC1
  57  0000              @HCCINIT	.section 'data'
  58  0000              @HCCINIT0	.section 'data'
  59  0000              @BITDATASEC	 .section 'data'
文件：Sys_Init.ASM 编译器版本 HGASM 0202 页次2

  60  0000              @BITDATASEC1	 .section 'data'
  61  0000              
  62  0000              #pragma debug scope 1 1
  63  0000              	extern __DELAY3:near
  64  0000              	extern __DELAYX3:near
  65  0000              	extern __DELAYX6:near
  66  0000              	extern __DELAYY5:near
  67  0000              	extern __DELAYY3:near
  68  0000              	extern _builtin_holtek_delay_2:byte
  69  0000              ___ctmc0 equ [80]
  70  0000              ___ctmc1 equ [81]
  71  0000              ___ctmal equ [84]
  72  0000              ___ctmah equ [85]
  73  0000              public _fun_ResetInit
  74  0000              #pragma debug scope 2 1

  24  0000              #line 24 "E:\旧电脑资料\收集的资料\手册\合泰\BH66F5242热电偶资料\SoftWare-BH66F5242_Thermocouple V0.2-lib-20180903\SoftWare-BH66F5242_Thermocouple V0.2-lib\User\Sys_Init.C"
  24  0000              _fun_ResetInit .section 'code'
  24  0000              _fun_ResetInit proc
  29  0000              #line 29 "E:\旧电脑资料\收集的资料\手册\合泰\BH66F5242热电偶资料\SoftWare-BH66F5242_Thermocouple V0.2-lib-20180903\SoftWare-BH66F5242_Thermocouple V0.2-lib\User\Sys_Init.C"
  29  0000  0F38        	mov a,56
  29  0001  00D0        	mov [80],a
  29  0002  0FC1        	mov a,193
  29  0003  00D1        	mov [81],a
  29  0004  0F88        	mov a,136
  29  0005  00D4        	mov [84],a
  29  0006  0F02        	mov a,2
  29  0007  00D5        	mov [85],a
  34  0008              #line 34 "E:\旧电脑资料\收集的资料\手册\合泰\BH66F5242热电偶资料\SoftWare-BH66F5242_Thermocouple V0.2-lib-20180903\SoftWare-BH66F5242_Thermocouple V0.2-lib\User\Sys_Init.C"
  34  0008  2000     E  	call _fun_Key_init
  35  0009              #line 35 "E:\旧电脑资料\收集的资料\手册\合泰\BH66F5242热电偶资料\SoftWare-BH66F5242_Thermocouple V0.2-lib-20180903\SoftWare-BH66F5242_Thermocouple V0.2-lib\User\Sys_Init.C"
  35  0009  2000     E  	call _Uart_Init
  35  000A  0003        	ret
  35  000B              _fun_ResetInit endp
  35  000B              #line 35 "E:\旧电脑资料\收集的资料\手册\合泰\BH66F5242热电偶资料\SoftWare-BH66F5242_Thermocouple V0.2-lib-20180903\SoftWare-BH66F5242_Thermocouple V0.2-lib\User\Sys_Init.C"
  35  000B              #pragma debug scope 1 1
  35  000B              public _fun_PrepareToHalt
  35  000B              #pragma debug scope 3 1
  72  000B              #line 72 "E:\旧电脑资料\收集的资料\手册\合泰\BH66F5242热电偶资料\SoftWare-BH66F5242_Thermocouple V0.2-lib-20180903\SoftWare-BH66F5242_Thermocouple V0.2-lib\User\Sys_Init.C"
  72  0000              _fun_PrepareToHalt .section 'code'
  72  0000              _fun_PrepareToHalt proc
  72  0000  0003        	ret
  72  0001              _fun_PrepareToHalt endp
  72  0001              #line 72 "E:\旧电脑资料\收集的资料\手册\合泰\BH66F5242热电偶资料\SoftWare-BH66F5242_Thermocouple V0.2-lib-20180903\SoftWare-BH66F5242_Thermocouple V0.2-lib\User\Sys_Init.C"
  72  0001              #pragma debug scope 1 1
  72  0001              public _fun_GPIO
  72  0001              #pragma debug scope 4 1
 103  0001              #line 103 "E:\旧电脑资料\收集的资料\手册\合泰\BH66F5242热电偶资料\SoftWare-BH66F5242_Thermocouple V0.2-lib-20180903\SoftWare-BH66F5242_Thermocouple V0.2-lib\User\Sys_Init.C"
 103  0000              _fun_GPIO .section 'code'
 103  0000              _fun_GPIO proc
 103  0000  0003        	ret
 103  0001              _fun_GPIO endp
 103  0001              #line 103 "E:\旧电脑资料\收集的资料\手册\合泰\BH66F5242热电偶资料\SoftWare-BH66F5242_Thermocouple V0.2-lib-20180903\SoftWare-BH66F5242_Thermocouple V0.2-lib\User\Sys_Init.C"
 103  0001              #pragma debug scope 1 1
 103  0001              ___mp1h equ [4]
 103  0001              ___mp1l equ [3]
 103  0001              ___tblp equ [7]
 103  0001              ___iar1 equ [2]
 103  0001              public _fun_RamInit
 103  0001              #pragma debug scope 5 1
文件：Sys_Init.C   编译器版本 HGASM 0202 页次3

 116  0001              #line 116 "E:\旧电脑资料\收集的资料\手册\合泰\BH66F5242热电偶资料\SoftWare-BH66F5242_Thermocouple V0.2-lib-20180903\SoftWare-BH66F5242_Thermocouple V0.2-lib\User\Sys_Init.C"
 116  0000              _fun_RamInit .section 'code'
 116  0000              _fun_RamInit proc
 117  0000              #line 117 "E:\旧电脑资料\收集的资料\手册\合泰\BH66F5242热电偶资料\SoftWare-BH66F5242_Thermocouple V0.2-lib-20180903\SoftWare-BH66F5242_Thermocouple V0.2-lib\User\Sys_Init.C"
 117  0000  1F04        	clr [4]
 118  0001              #line 118 "E:\旧电脑资料\收集的资料\手册\合泰\BH66F5242热电偶资料\SoftWare-BH66F5242_Thermocouple V0.2-lib-20180903\SoftWare-BH66F5242_Thermocouple V0.2-lib\User\Sys_Init.C"
 118  0001  0F80        	mov a,128
 118  0002  0083        	mov [3],a
 119  0003              #line 119 "E:\旧电脑资料\收集的资料\手册\合泰\BH66F5242热电偶资料\SoftWare-BH66F5242_Thermocouple V0.2-lib-20180903\SoftWare-BH66F5242_Thermocouple V0.2-lib\User\Sys_Init.C"
 119  0003  2800     R  	jmp _L5
 119  0004              _L8:
 121  0004              #line 121 "E:\旧电脑资料\收集的资料\手册\合泰\BH66F5242热电偶资料\SoftWare-BH66F5242_Thermocouple V0.2-lib-20180903\SoftWare-BH66F5242_Thermocouple V0.2-lib\User\Sys_Init.C"
 121  0004  1F07        	clr [7]
 121  0005              _L6:
 121  0005  3F87        	sz [7].7
 121  0006  2800     R  	jmp _L10
 123  0007              #line 123 "E:\旧电脑资料\收集的资料\手册\合泰\BH66F5242热电偶资料\SoftWare-BH66F5242_Thermocouple V0.2-lib-20180903\SoftWare-BH66F5242_Thermocouple V0.2-lib\User\Sys_Init.C"
 123  0007  1F02        	clr [2]
 124  0008              #line 124 "E:\旧电脑资料\收集的资料\手册\合泰\BH66F5242热电偶资料\SoftWare-BH66F5242_Thermocouple V0.2-lib-20180903\SoftWare-BH66F5242_Thermocouple V0.2-lib\User\Sys_Init.C"
 124  0008  1483        	inc [3]
 121  0009              #line 121 "E:\旧电脑资料\收集的资料\手册\合泰\BH66F5242热电偶资料\SoftWare-BH66F5242_Thermocouple V0.2-lib-20180903\SoftWare-BH66F5242_Thermocouple V0.2-lib\User\Sys_Init.C"
 121  0009  1487        	inc [7]
 121  000A  2800     R  	jmp _L6
 121  000B              _L10:
 126  000B              #line 126 "E:\旧电脑资料\收集的资料\手册\合泰\BH66F5242热电偶资料\SoftWare-BH66F5242_Thermocouple V0.2-lib-20180903\SoftWare-BH66F5242_Thermocouple V0.2-lib\User\Sys_Init.C"
 126  000B  0F80        	mov a,128
 126  000C  0083        	mov [3],a
 127  000D              #line 127 "E:\旧电脑资料\收集的资料\手册\合泰\BH66F5242热电偶资料\SoftWare-BH66F5242_Thermocouple V0.2-lib-20180903\SoftWare-BH66F5242_Thermocouple V0.2-lib\User\Sys_Init.C"
 127  000D  1484        	inc [4]
 127  000E              _L5:
 119  000E              #line 119 "E:\旧电脑资料\收集的资料\手册\合泰\BH66F5242热电偶资料\SoftWare-BH66F5242_Thermocouple V0.2-lib-20180903\SoftWare-BH66F5242_Thermocouple V0.2-lib\User\Sys_Init.C"
 119  000E  0F01        	mov a,1
 119  000F  0204        	sub a,[4]
 119  0010  3C0A        	sz c
 119  0011  2800     R  	jmp _L8
 119  0012  0003        	ret
 119  0013              _fun_RamInit endp
 119  0013              #line 119 "E:\旧电脑资料\收集的资料\手册\合泰\BH66F5242热电偶资料\SoftWare-BH66F5242_Thermocouple V0.2-lib-20180903\SoftWare-BH66F5242_Thermocouple V0.2-lib\User\Sys_Init.C"
 119  0013              #pragma debug scope 1 1
 119  0013              ___lvrc equ [25]
 119  0013              ___hircc equ [17]
 119  0013              ___wdtc equ [30]
 119  0013              public _fun_PowerOnInit
 119  0013              #pragma debug scope 6 1
  46  0013              #line 46 "E:\旧电脑资料\收集的资料\手册\合泰\BH66F5242热电偶资料\SoftWare-BH66F5242_Thermocouple V0.2-lib-20180903\SoftWare-BH66F5242_Thermocouple V0.2-lib\User\Sys_Init.C"
  46  0000              _fun_PowerOnInit .section 'code'
  46  0000              _fun_PowerOnInit proc
  48  0000              #line 48 "E:\旧电脑资料\收集的资料\手册\合泰\BH66F5242热电偶资料\SoftWare-BH66F5242_Thermocouple V0.2-lib-20180903\SoftWare-BH66F5242_Thermocouple V0.2-lib\User\Sys_Init.C"
  48  0000  0F55        	mov a,85
  48  0001  0099        	mov [25],a
  52  0002              #line 52 "E:\旧电脑资料\收集的资料\手册\合泰\BH66F5242热电偶资料\SoftWare-BH66F5242_Thermocouple V0.2-lib-20180903\SoftWare-BH66F5242_Thermocouple V0.2-lib\User\Sys_Init.C"
  52  0002  2000     R  	call _fun_RamInit
  53  0003              #line 53 "E:\旧电脑资料\收集的资料\手册\合泰\BH66F5242热电偶资料\SoftWare-BH66F5242_Thermocouple V0.2-lib-20180903\SoftWare-BH66F5242_Thermocouple V0.2-lib\User\Sys_Init.C"
  53  0003  3591        	clr [17].3
  53  0004  3111        	set [17].2
  53  0005  3011        	set [17].0
  56  0006              #line 56 "E:\旧电脑资料\收集的资料\手册\合泰\BH66F5242热电偶资料\SoftWare-BH66F5242_Thermocouple V0.2-lib-20180903\SoftWare-BH66F5242_Thermocouple V0.2-lib\User\Sys_Init.C"
  56  0006  0F57        	mov a,87
  56  0007  009E        	mov [30],a
  58  0008              #line 58 "E:\旧电脑资料\收集的资料\手册\合泰\BH66F5242热电偶资料\SoftWare-BH66F5242_Thermocouple V0.2-lib-20180903\SoftWare-BH66F5242_Thermocouple V0.2-lib\User\Sys_Init.C"
文件：Sys_Init.C   编译器版本 HGASM 0202 页次4

  58  0008  0F55        	mov a,85
  58  0009  0099        	mov [25],a
  60  000A              #line 60 "E:\旧电脑资料\收集的资料\手册\合泰\BH66F5242热电偶资料\SoftWare-BH66F5242_Thermocouple V0.2-lib-20180903\SoftWare-BH66F5242_Thermocouple V0.2-lib\User\Sys_Init.C"
  60  000A  2000     R  	call _fun_ResetInit
  60  000B  0003        	ret
  60  000C              _fun_PowerOnInit endp
  60  000C              #line 60 "E:\旧电脑资料\收集的资料\手册\合泰\BH66F5242热电偶资料\SoftWare-BH66F5242_Thermocouple V0.2-lib-20180903\SoftWare-BH66F5242_Thermocouple V0.2-lib\User\Sys_Init.C"
  60  000C              #pragma debug scope 1 1
  60  000C              #pragma debug variable 8 1 ___mp1l "__mp1l" 1
  60  000C              #pragma debug variable 8 1 ___mp1h "__mp1h" 1
  60  000C              #pragma debug variable 8 1 ___tblp "__tblp" 1
  60  000C              #pragma debug struct_end
  60  000C              #pragma debug struct_end
  60  000C              #pragma debug union_end
  60  000C              #pragma debug union_end
  60  000C              #pragma debug variable 43 1 ___hircc "__hircc" 1
  60  000C              #pragma debug struct_end
  60  000C              #pragma debug struct_end
  60  000C              #pragma debug union_end
  60  000C              #pragma debug union_end
  60  000C              #pragma debug variable 45 1 ___lvrc "__lvrc" 1
  60  000C              #pragma debug struct_end
  60  000C              #pragma debug struct_end
  60  000C              #pragma debug union_end
  60  000C              #pragma debug union_end
  60  000C              #pragma debug variable 47 1 ___wdtc "__wdtc" 1
  60  000C              #pragma debug struct_end
  60  000C              #pragma debug struct_end
  60  000C              #pragma debug union_end
  60  000C              #pragma debug union_end
  60  000C              #pragma debug variable 49 1 ___ctmc0 "__ctmc0" 1
  60  000C              #pragma debug struct_end
  60  000C              #pragma debug struct_end
  60  000C              #pragma debug union_end
  60  000C              #pragma debug union_end
  60  000C              #pragma debug variable 51 1 ___ctmc1 "__ctmc1" 1
  60  000C              #pragma debug variable 8 1 ___ctmal "__ctmal" 1
  60  000C              #pragma debug variable 8 1 ___ctmah "__ctmah" 1
  60  000C              #pragma debug variable 8 1 ___iar1 "__iar1" 1
  60  000C              extern _fun_Key_init:near
  60  000C              extern _Uart_Init:near
  60  000C              
  60  000C              ; 
  60  000C              ; Generated by holtek-gcc v3.19, Wed Apr 10 15:18:43 2019
  60  000C              ; Rebuild 115
  60  000C              ; end of file


        0 Errors, 0