文件：ADC.c        编译器版本 HGASM 0202 页次1


   1  0000              ; Generated by holtek-gcc v3.19, Mon Mar 25 15:45:17 2019
   2  0000              ; 
   3  0000              ; Configuration:
   4  0000              ;       with long instruction
   5  0000              ;       Single ROM, Multi-RAM
   6  0000              ;       bits_per_rom_unit:16
   7  0000              ;       with mp1
   8  0000              ;       with tbhp, address(0x9)
   9  0000              ;          Use tabrd-const
  10  0000              ;       
  11  0000              ; SFR address of long-instruction arch:
  12  0000              ;    mp0 = -1,1,0
  13  0000              ;    mp1 = 4,3,2
  14  0000              ;    mp2 = 14,13,12
  15  0000              ;    tbp = 9,7,8
  16  0000              ;    acc = 5
  17  0000              ;    pcl = 6
  18  0000              ;    status = 10
  19  0000              ;    bp = 11
  20  0000              ;    intc = 32
  21  0000              ;       
  22  0000              ;       
  23  0000              ; use 'tabrdc' instead of 'tabrd'
  24  0000              ;       
  25  0000              
  26  0000              #pragma translator "holtek-gcc 4.6.4" "3.19" "build 20130711"
  27  0000              ; Rebuild 115
  28  0000              
  29  0000              ir equ [2]
  30  0000              mp equ [3]
  31  0000              sbp equ [4]
  32  0000              acc equ [5]
  33  0000              bp equ [11]
  34  0000              tblp equ [7]
  35  0000              tbhp equ [9]
  36  0000              status equ [10]
  37  0000              c equ [10].0
  38  0000              ac equ [10].1
  39  0000              z equ [10].2
  40  0000              ov equ [10].3
  41  0000              cz equ [10].6
  42  0000              sc equ [10].7
  43  0000              intc equ [32]
  44  0000              mduwr0 equ [59h]
  45  0000              mduwr1 equ [5ah]
  46  0000              mduwr2 equ [5bh]
  47  0000              mduwr3 equ [5ch]
  48  0000              mduwr4 equ [5dh]
  49  0000              mduwr5 equ [5eh]
  50  0000              mduwrctrl equ [5fh]
  51  0000              
  52  0000              extern ra:byte
  53  0000              extern rb:byte
  54  0000              extern rc:byte
  55  0000              extern rd:byte
  56  0000              extern re:byte
  57  0000              extern rf:byte
  58  0000              extern rg:byte
  59  0000              extern rh:byte
文件：ADC.ASM      编译器版本 HGASM 0202 页次2

  60  0000              extern _Crom2Prom:near
  61  0000              extern _Crom2PromNext:near
  62  0000              
  63  0000              RAMBANK 0 @BITDATASEC, @BITDATASEC1
  64  0000              @HCCINIT	.section 'data'
  65  0000              @HCCINIT0	.section 'data'
  66  0000              @BITDATASEC	 .section 'data'
  67  0000              @BITDATASEC1	 .section 'data'
  68  0000              
  69  0000              #pragma debug scope 1 1
  70  0000              	extern __DELAY3:near
  71  0000              	extern __DELAYX3:near
  72  0000              	extern __DELAYX6:near
  73  0000              	extern __DELAYY5:near
  74  0000              	extern __DELAYY3:near
  75  0000              	extern _builtin_holtek_delay_2:byte
  76  0000              ___pgac0 equ [105]
  77  0000              ___pgacs equ [107]
  78  0000              ___adcs equ [101]
  79  0000              ___adcr1 equ [103]
  80  0000              ___adcr0 equ [102]
  81  0000              ___pwrc equ [104]
  82  0000              ___dsopc equ [114]
  83  0000              public _fun_ADC_INIT
  84  0000              #pragma debug scope 2 1

  30  0000              #line 30 "E:\旧电脑资料\收集的资料\手册\合泰\SoftWare-BH66F5250_DEMOCODE\User\ADC.c"
  30  0000              _fun_ADC_INIT .section 'code'
  30  0000              _fun_ADC_INIT proc
  32  0000              #line 32 "E:\旧电脑资料\收集的资料\手册\合泰\SoftWare-BH66F5250_DEMOCODE\User\ADC.c"
  32  0000  3569        	clr [105].2
  32  0001  34E9        	clr [105].1
  32  0002  3469        	clr [105].0
  33  0003              #line 33 "E:\旧电脑资料\收集的资料\手册\合泰\SoftWare-BH66F5250_DEMOCODE\User\ADC.c"
  33  0003  31EB        	set [107].3
  33  0004  356B        	clr [107].2
  33  0005  30EB        	set [107].1
  33  0006  306B        	set [107].0
  34  0007              #line 34 "E:\旧电脑资料\收集的资料\手册\合泰\SoftWare-BH66F5250_DEMOCODE\User\ADC.c"
  34  0007  33EB        	set [107].7
  34  0008  376B        	clr [107].6
  34  0009  32EB        	set [107].5
  34  000A  326B        	set [107].4
  35  000B              #line 35 "E:\旧电脑资料\收集的资料\手册\合泰\SoftWare-BH66F5250_DEMOCODE\User\ADC.c"
  35  000B  0F02        	mov a,2
  35  000C  00E5        	mov [101],a
  35  000D  37E7        	clr [103].7
  35  000E  3367        	set [103].6
  35  000F  36E7        	clr [103].5
  35  0010  3666        	clr [102].4
  35  0011  35E6        	clr [102].3
  35  0012  3166        	set [102].2
  36  0013              #line 36 "E:\旧电脑资料\收集的资料\手册\合泰\SoftWare-BH66F5250_DEMOCODE\User\ADC.c"
  36  0013  0F82        	mov a,130
  36  0014  00E8        	mov [104],a
  37  0015              #line 37 "E:\旧电脑资料\收集的资料\手册\合泰\SoftWare-BH66F5250_DEMOCODE\User\ADC.c"
  37  0015  0F0A        	mov a,10
  37  0016  00F2        	mov [114],a
  37  0017  0003        	ret
  37  0018              _fun_ADC_INIT endp
文件：ADC.c        编译器版本 HGASM 0202 页次3

  37  0018              #line 37 "E:\旧电脑资料\收集的资料\手册\合泰\SoftWare-BH66F5250_DEMOCODE\User\ADC.c"
  37  0018              #pragma debug scope 1 1
  37  0018              public _fun_ADC_Enable
  37  0018              #pragma debug scope 3 1
  49  0018              #line 49 "E:\旧电脑资料\收集的资料\手册\合泰\SoftWare-BH66F5250_DEMOCODE\User\ADC.c"
  49  0000              _fun_ADC_Enable .section 'code'
  49  0000              _fun_ADC_Enable proc
  50  0000              #line 50 "E:\旧电脑资料\收集的资料\手册\合泰\SoftWare-BH66F5250_DEMOCODE\User\ADC.c"
  50  0000  1F00     R  	clr _gu8v_Sample_Count[0]
  51  0001              #line 51 "E:\旧电脑资料\收集的资料\手册\合泰\SoftWare-BH66F5250_DEMOCODE\User\ADC.c"
  51  0001  1F00     R  	clr _gbv_adc_Sample_Mode[0]
  52  0002              #line 52 "E:\旧电脑资料\收集的资料\手册\合泰\SoftWare-BH66F5250_DEMOCODE\User\ADC.c"
  52  0002  3400     R  	clr _gbv_adc_flag[0].0
  53  0003              #line 53 "E:\旧电脑资料\收集的资料\手册\合泰\SoftWare-BH66F5250_DEMOCODE\User\ADC.c"
  53  0003  3400     R  	clr _gbv_adc_flag[0].1
  54  0004              #line 54 "E:\旧电脑资料\收集的资料\手册\合泰\SoftWare-BH66F5250_DEMOCODE\User\ADC.c"
  54  0004  36E6        	clr [102].5
  55  0005              #line 55 "E:\旧电脑资料\收集的资料\手册\合泰\SoftWare-BH66F5250_DEMOCODE\User\ADC.c"
  55  0005  3766        	clr [102].6
  58  0006              #line 58 "E:\旧电脑资料\收集的资料\手册\合泰\SoftWare-BH66F5250_DEMOCODE\User\ADC.c"
  58  0006  3466        	clr [102].0
  59  0007              #line 59 "E:\旧电脑资料\收集的资料\手册\合泰\SoftWare-BH66F5250_DEMOCODE\User\ADC.c"
  59  0007  37E6        	clr [102].7
  59  0008  33E6        	set [102].7
  59  0009  37E6        	clr [102].7
  59  000A  3567        	clr [103].2
  59  000B  34E7        	clr [103].1
  59  000C  0003        	ret
  59  000D              _fun_ADC_Enable endp
  59  000D              #line 59 "E:\旧电脑资料\收集的资料\手册\合泰\SoftWare-BH66F5250_DEMOCODE\User\ADC.c"
  59  000D              #pragma debug scope 1 1
  59  000D              public _fun_ADC_Disable
  59  000D              #pragma debug scope 4 1
  70  000D              #line 70 "E:\旧电脑资料\收集的资料\手册\合泰\SoftWare-BH66F5250_DEMOCODE\User\ADC.c"
  70  0000              _fun_ADC_Disable .section 'code'
  70  0000              _fun_ADC_Disable proc
  71  0000              #line 71 "E:\旧电脑资料\收集的资料\手册\合泰\SoftWare-BH66F5250_DEMOCODE\User\ADC.c"
  71  0000  1F00     R  	clr _gu8v_Sample_Count[0]
  72  0001              #line 72 "E:\旧电脑资料\收集的资料\手册\合泰\SoftWare-BH66F5250_DEMOCODE\User\ADC.c"
  72  0001  1F00     R  	clr _gbv_adc_Sample_Mode[0]
  73  0002              #line 73 "E:\旧电脑资料\收集的资料\手册\合泰\SoftWare-BH66F5250_DEMOCODE\User\ADC.c"
  73  0002  3400     R  	clr _gbv_adc_flag[0].0
  74  0003              #line 74 "E:\旧电脑资料\收集的资料\手册\合泰\SoftWare-BH66F5250_DEMOCODE\User\ADC.c"
  74  0003  3400     R  	clr _gbv_adc_flag[0].1
  75  0004              #line 75 "E:\旧电脑资料\收集的资料\手册\合泰\SoftWare-BH66F5250_DEMOCODE\User\ADC.c"
  75  0004  32E6        	set [102].5
  76  0005              #line 76 "E:\旧电脑资料\收集的资料\手册\合泰\SoftWare-BH66F5250_DEMOCODE\User\ADC.c"
  76  0005  3366        	set [102].6
  77  0006              #line 77 "E:\旧电脑资料\收集的资料\手册\合泰\SoftWare-BH66F5250_DEMOCODE\User\ADC.c"
  77  0006  37E8        	clr [104].7
  77  0007  0003        	ret
  77  0008              _fun_ADC_Disable endp
  77  0008              #line 77 "E:\旧电脑资料\收集的资料\手册\合泰\SoftWare-BH66F5250_DEMOCODE\User\ADC.c"
  77  0008              #pragma debug scope 1 1
  77  0008              public _fun_filter_adc
  77  0008              #pragma debug scope 5 1
  87  0008              #line 87 "E:\旧电脑资料\收集的资料\手册\合泰\SoftWare-BH66F5250_DEMOCODE\User\ADC.c"
  87  0000              _fun_filter_adc .section 'code'
  87  0000              _fun_filter_adc proc
  87  0000  0003        	ret
文件：ADC.c        编译器版本 HGASM 0202 页次4

  87  0001              _fun_filter_adc endp
  87  0001              #line 87 "E:\旧电脑资料\收集的资料\手册\合泰\SoftWare-BH66F5250_DEMOCODE\User\ADC.c"
  87  0001              #pragma debug scope 1 1
  87  0001              _gu32v_adc_data equ [640]
  87  0001              ___adrl equ [108]
  87  0001              ___adrm equ [109]
  87  0001              ___adrh equ [110]
  87  0001              ___utxr_rxr equ [50]
  87  0001              public _fun_ADC_Polling
  87  0001              #pragma debug scope 6 1
  99  0001              #line 99 "E:\旧电脑资料\收集的资料\手册\合泰\SoftWare-BH66F5250_DEMOCODE\User\ADC.c"
  99  0000              _fun_ADC_Polling .section 'code'
  99  0000              _fun_ADC_Polling proc
 101  0000              #line 101 "E:\旧电脑资料\收集的资料\手册\合泰\SoftWare-BH66F5250_DEMOCODE\User\ADC.c"
 101  0000  38E7        	snz [103].1
 101  0001  2800     R  	jmp _L5
 104  0002              #line 104 "E:\旧电脑资料\收集的资料\手册\合泰\SoftWare-BH66F5250_DEMOCODE\User\ADC.c"
 104  0002  3167        	set [103].2
 106  0003              #line 106 "E:\旧电脑资料\收集的资料\手册\合泰\SoftWare-BH66F5250_DEMOCODE\User\ADC.c"
 106  0003  DF00 0002   	lclr [640]
 106  0005  DF01 0002   	lclr [641]
 106  0007  DF02 0002   	lclr [642]
 106  0009  DF03 0002   	lclr [643]
 107  000B              #line 107 "E:\旧电脑资料\收集的资料\手册\合泰\SoftWare-BH66F5250_DEMOCODE\User\ADC.c"
 107  000B  076C        	mov a,[108]
 107  000C  C080 0002   	lmov [640],a
 108  000E              #line 108 "E:\旧电脑资料\收集的资料\手册\合泰\SoftWare-BH66F5250_DEMOCODE\User\ADC.c"
 108  000E  076D        	mov a,[109]
 108  000F  C081 0002   	lmov [641],a
 109  0011              #line 109 "E:\旧电脑资料\收集的资料\手册\合泰\SoftWare-BH66F5250_DEMOCODE\User\ADC.c"
 109  0011  076E        	mov a,[110]
 109  0012  C082 0002   	lmov [642],a
 110  0014              #line 110 "E:\旧电脑资料\收集的资料\手册\合泰\SoftWare-BH66F5250_DEMOCODE\User\ADC.c"
 110  0014  FB82 0002   	lsnz [642].7
 110  0016  2800     R  	jmp _L8
 112  0017              #line 112 "E:\旧电脑资料\收集的资料\手册\合泰\SoftWare-BH66F5250_DEMOCODE\User\ADC.c"
 112  0017  DF83 0002   	lset [643]
 112  0019              _L8:
 115  0019              #line 115 "E:\旧电脑资料\收集的资料\手册\合泰\SoftWare-BH66F5250_DEMOCODE\User\ADC.c"
 115  0019  3567        	clr [103].2
 116  001A              #line 116 "E:\旧电脑资料\收集的资料\手册\合泰\SoftWare-BH66F5250_DEMOCODE\User\ADC.c"
 116  001A  34E7        	clr [103].1
 121  001B              #line 121 "E:\旧电脑资料\收集的资料\手册\合泰\SoftWare-BH66F5250_DEMOCODE\User\ADC.c"
 121  001B  0F55        	mov a,85
 121  001C  0080     E  	mov _array_uart_txbuff[0],a
 122  001D              #line 122 "E:\旧电脑资料\收集的资料\手册\合泰\SoftWare-BH66F5250_DEMOCODE\User\ADC.c"
 122  001D  1F00     E  	clr _array_uart_txbuff[1]
 123  001E              #line 123 "E:\旧电脑资料\收集的资料\手册\合泰\SoftWare-BH66F5250_DEMOCODE\User\ADC.c"
 123  001E  C700 0002   	lmov a,[640]
 123  0020  0080     E  	mov _array_uart_txbuff[2],a
 124  0021              #line 124 "E:\旧电脑资料\收集的资料\手册\合泰\SoftWare-BH66F5250_DEMOCODE\User\ADC.c"
 124  0021  C701 0002   	lmov a,[641]
 124  0023  0080     E  	mov _array_uart_txbuff[3],a
 125  0024              #line 125 "E:\旧电脑资料\收集的资料\手册\合泰\SoftWare-BH66F5250_DEMOCODE\User\ADC.c"
 125  0024  C702 0002   	lmov a,[642]
 125  0026  0080     E  	mov _array_uart_txbuff[4],a
 126  0027              #line 126 "E:\旧电脑资料\收集的资料\手册\合泰\SoftWare-BH66F5250_DEMOCODE\User\ADC.c"
 126  0027  0700     E  	mov a,_array_uart_txbuff[3]
 126  0028  0300     E  	add a,_array_uart_txbuff[2]
 126  0029  0080     E  	mov rb,a
文件：ADC.c        编译器版本 HGASM 0202 页次5

 126  002A  0700     E  	mov a,_array_uart_txbuff[4]
 126  002B  0380     E  	addm a,rb
 126  002C  0700     E  	mov a,_array_uart_txbuff[1]
 126  002D  0300     E  	add a,_array_uart_txbuff[0]
 126  002E  0080     E  	mov ra,a
 126  002F  0700     E  	mov a,rb
 126  0030  0300     E  	add a,ra
 126  0031  0080     E  	mov _array_uart_txbuff[5],a
 127  0032              #line 127 "E:\旧电脑资料\收集的资料\手册\合泰\SoftWare-BH66F5250_DEMOCODE\User\ADC.c"
 127  0032  1F00     E  	clr _gu8v_tx_guide[0]
 128  0033              #line 128 "E:\旧电脑资料\收集的资料\手册\合泰\SoftWare-BH66F5250_DEMOCODE\User\ADC.c"
 128  0033  0F00     E  	mov a,low offset _array_uart_txbuff
 128  0034  0300     E  	add a,_gu8v_tx_guide[0]
 128  0035  0083        	mov mp,a
 128  0036  0F00     E  	mov a,high offset _array_uart_txbuff
 128  0037  1F04        	clr sbp
 128  0038  1384        	adcm a,sbp
 128  0039  2000     E  	call _Crom2Prom
 128  003A  00B2        	mov [50],a
 131  003B              #line 131 "E:\旧电脑资料\收集的资料\手册\合泰\SoftWare-BH66F5250_DEMOCODE\User\ADC.c"
 131  003B  1480     R  	inc _gu8v_Sample_Count[0]
 132  003C              #line 132 "E:\旧电脑资料\收集的资料\手册\合泰\SoftWare-BH66F5250_DEMOCODE\User\ADC.c"
 132  003C  1080     R  	sz _gbv_adc_Sample_Mode[0]
 132  003D  2800     R  	jmp _L9
 135  003E              #line 135 "E:\旧电脑资料\收集的资料\手册\合泰\SoftWare-BH66F5250_DEMOCODE\User\ADC.c"
 135  003E  0F03        	mov a,3
 135  003F  0200     R  	sub a,_gu8v_Sample_Count[0]
 135  0040  3C0A        	sz c
 135  0041  2800     R  	jmp _L5
 137  0042              #line 137 "E:\旧电脑资料\收集的资料\手册\合泰\SoftWare-BH66F5250_DEMOCODE\User\ADC.c"
 137  0042  1F00     R  	clr _gu8v_Sample_Count[0]
 138  0043              #line 138 "E:\旧电脑资料\收集的资料\手册\合泰\SoftWare-BH66F5250_DEMOCODE\User\ADC.c"
 138  0043  0F01        	mov a,1
 138  0044  0080     R  	mov _gbv_adc_Sample_Mode[0],a
 138  0045  2800     R  	jmp _L5
 138  0046              _L9:
 142  0046              #line 142 "E:\旧电脑资料\收集的资料\手册\合泰\SoftWare-BH66F5250_DEMOCODE\User\ADC.c"
 142  0046  1700     R  	sdza _gbv_adc_Sample_Mode[0]
 142  0047  2800     R  	jmp _L5
 144  0048              #line 144 "E:\旧电脑资料\收集的资料\手册\合泰\SoftWare-BH66F5250_DEMOCODE\User\ADC.c"
 144  0048  3000     R  	set _gbv_adc_flag[0].1
 144  0049              _L5:
 144  0049  0003        	ret
 144  004A              _fun_ADC_Polling endp
 144  004A              #line 144 "E:\旧电脑资料\收集的资料\手册\合泰\SoftWare-BH66F5250_DEMOCODE\User\ADC.c"
 144  004A              #pragma debug scope 1 1
  20  004A              #line 20 "E:\旧电脑资料\收集的资料\手册\合泰\SoftWare-BH66F5250_DEMOCODE\User\ADC.c"
  20  004A              public _gbv_adc_flag
  20  0000              @HCCINIT0_gbv_adc_flag .section 'data'
  20  0000              _gbv_adc_flag	db 0
  20  0001              #pragma debug struct_end
  20  0001              #pragma debug struct_end
  20  0001              #pragma debug union_end
  20  0001              #pragma debug union_end
  20  0001              #pragma debug variable 43 1 _gbv_adc_flag "gbv_adc_flag"
  20  0001              
  20  0000              @HCCINIT .section 'data'
  19  0000              #line 19 "E:\旧电脑资料\收集的资料\手册\合泰\SoftWare-BH66F5250_DEMOCODE\User\ADC.c"
  19  0000              public _gbv_adc_Sample_Mode
  19  0000              @HCCINIT0_gbv_adc_Sample_Mode .section 'data'
文件：ADC.c        编译器版本 HGASM 0202 页次6

  19  0000              _gbv_adc_Sample_Mode	db 0
  19  0001              #pragma debug variable 8 1 _gbv_adc_Sample_Mode "gbv_adc_Sample_Mode"
  19  0001              
  19  0000              @HCCINIT .section 'data'
  18  0000              #line 18 "E:\旧电脑资料\收集的资料\手册\合泰\SoftWare-BH66F5250_DEMOCODE\User\ADC.c"
  18  0000              public _gs16v_adc_buff
  18  0000              @HCCINIT0_gs16v_adc_buff .section 'data'
  18  0000  0014[       _gs16v_adc_buff	db 20 dup(0)
            00
            ]
  18  0014              #pragma debug array 44 11 10 1
  18  0014              #pragma debug array 44 11 10 1
  18  0014              #pragma debug variable 44 1 _gs16v_adc_buff "gs16v_adc_buff"
  18  0014              
  18  0000              @HCCINIT .section 'data'
  17  0000              #line 17 "E:\旧电脑资料\收集的资料\手册\合泰\SoftWare-BH66F5250_DEMOCODE\User\ADC.c"
  17  0000              public _gu8v_Sample_Count
  17  0000              @HCCINIT0_gu8v_Sample_Count .section 'data'
  17  0000              _gu8v_Sample_Count	db 0
  17  0001              #pragma debug variable 8 1 _gu8v_Sample_Count "gu8v_Sample_Count"
  17  0001              
  17  0000              @HCCINIT .section 'data'
  17  0000              #pragma debug struct_end
  17  0000              #pragma debug struct_end
  17  0000              #pragma debug union_end
  17  0000              #pragma debug union_end
  17  0000              #pragma debug variable 46 1 ___utxr_rxr "__utxr_rxr" 1
  17  0000              #pragma debug struct_end
  17  0000              #pragma debug struct_end
  17  0000              #pragma debug union_end
  17  0000              #pragma debug union_end
  17  0000              #pragma debug variable 48 1 ___adcs "__adcs" 1
  17  0000              #pragma debug struct_end
  17  0000              #pragma debug struct_end
  17  0000              #pragma debug union_end
  17  0000              #pragma debug union_end
  17  0000              #pragma debug variable 50 1 ___adcr0 "__adcr0" 1
  17  0000              #pragma debug struct_end
  17  0000              #pragma debug struct_end
  17  0000              #pragma debug union_end
  17  0000              #pragma debug union_end
  17  0000              #pragma debug variable 52 1 ___adcr1 "__adcr1" 1
  17  0000              #pragma debug struct_end
  17  0000              #pragma debug struct_end
  17  0000              #pragma debug union_end
  17  0000              #pragma debug union_end
  17  0000              #pragma debug variable 54 1 ___pwrc "__pwrc" 1
  17  0000              #pragma debug struct_end
  17  0000              #pragma debug struct_end
  17  0000              #pragma debug union_end
  17  0000              #pragma debug union_end
  17  0000              #pragma debug variable 56 1 ___pgac0 "__pgac0" 1
  17  0000              #pragma debug struct_end
  17  0000              #pragma debug struct_end
  17  0000              #pragma debug union_end
  17  0000              #pragma debug union_end
  17  0000              #pragma debug variable 58 1 ___pgacs "__pgacs" 1
  17  0000              #pragma debug variable 8 1 ___adrl "__adrl" 1
  17  0000              #pragma debug variable 8 1 ___adrm "__adrm" 1
  17  0000              #pragma debug variable 8 1 ___adrh "__adrh" 1
文件：ADC.c        编译器版本 HGASM 0202 页次7

  17  0000              #pragma debug struct_end
  17  0000              #pragma debug struct_end
  17  0000              #pragma debug union_end
  17  0000              #pragma debug union_end
  17  0000              #pragma debug variable 60 1 ___dsopc "__dsopc" 1
  17  0000              #pragma debug struct_end
  17  0000              #pragma debug struct_end
  17  0000              #pragma debug struct_end
  17  0000              #pragma debug struct_end
  17  0000              #pragma debug union_end
  17  0000              #pragma debug union_end
  17  0000              #pragma debug variable 63 1 _gu32v_adc_data "gu32v_adc_data" 4
  17  0000              
  17  0000              ; output external variables
  17  0000              extern _gu8v_tx_guide:byte
  17  0000              extern _array_uart_txbuff:byte
  17  0000              
  17  0000              ; 
  17  0000              ; Generated by holtek-gcc v3.19, Mon Mar 25 15:45:17 2019
  17  0000              ; Rebuild 115
  17  0000              ; end of file


        0 Errors, 0