文件：Sys_Init.C   编译器版本 HGASM 0202 页次1


   1  0000              ; Generated by holtek-gcc v3.19, Mon Mar 25 15:45:17 2019
   2  0000              ; 
   3  0000              ; Configuration:
   4  0000              ;       with long instruction
   5  0000              ;       Single ROM, Multi-RAM
   6  0000              ;       bits_per_rom_unit:16
   7  0000              ;       with mp1
   8  0000              ;       with tbhp, address(0x9)
   9  0000              ;          Use tabrd-const
  10  0000              ;       
  11  0000              ; SFR address of long-instruction arch:
  12  0000              ;    mp0 = -1,1,0
  13  0000              ;    mp1 = 4,3,2
  14  0000              ;    mp2 = 14,13,12
  15  0000              ;    tbp = 9,7,8
  16  0000              ;    acc = 5
  17  0000              ;    pcl = 6
  18  0000              ;    status = 10
  19  0000              ;    bp = 11
  20  0000              ;    intc = 32
  21  0000              ;       
  22  0000              ;       
  23  0000              ; use 'tabrdc' instead of 'tabrd'
  24  0000              ;       
  25  0000              
  26  0000              #pragma translator "holtek-gcc 4.6.4" "3.19" "build 20130711"
  27  0000              ; Rebuild 115
  28  0000              
  29  0000              ir equ [2]
  30  0000              mp equ [3]
  31  0000              sbp equ [4]
  32  0000              acc equ [5]
  33  0000              bp equ [11]
  34  0000              tblp equ [7]
  35  0000              tbhp equ [9]
  36  0000              status equ [10]
  37  0000              c equ [10].0
  38  0000              ac equ [10].1
  39  0000              z equ [10].2
  40  0000              ov equ [10].3
  41  0000              cz equ [10].6
  42  0000              sc equ [10].7
  43  0000              intc equ [32]
  44  0000              mduwr0 equ [59h]
  45  0000              mduwr1 equ [5ah]
  46  0000              mduwr2 equ [5bh]
  47  0000              mduwr3 equ [5ch]
  48  0000              mduwr4 equ [5dh]
  49  0000              mduwr5 equ [5eh]
  50  0000              mduwrctrl equ [5fh]
  51  0000              
  52  0000              extern ra:byte
  53  0000              extern rb:byte
  54  0000              extern rc:byte
  55  0000              extern rd:byte
  56  0000              extern re:byte
  57  0000              extern rf:byte
  58  0000              extern rg:byte
  59  0000              extern rh:byte
文件：Sys_Init.ASM 编译器版本 HGASM 0202 页次2

  60  0000              extern _Crom2Prom:near
  61  0000              extern _Crom2PromNext:near
  62  0000              
  63  0000              RAMBANK 0 @BITDATASEC, @BITDATASEC1
  64  0000              @HCCINIT	.section 'data'
  65  0000              @HCCINIT0	.section 'data'
  66  0000              @BITDATASEC	 .section 'data'
  67  0000              @BITDATASEC1	 .section 'data'
  68  0000              
  69  0000              #pragma debug scope 1 1
  70  0000              	extern __DELAY3:near
  71  0000              	extern __DELAYX3:near
  72  0000              	extern __DELAYX6:near
  73  0000              	extern __DELAYY5:near
  74  0000              	extern __DELAYY3:near
  75  0000              	extern _builtin_holtek_delay_2:byte
  76  0000              ___ptm2c0 equ [296]
  77  0000              ___ptm2c1 equ [297]
  78  0000              ___ptm2al equ [300]
  79  0000              ___ptm2ah equ [301]
  80  0000              public _fun_ResetInit
  81  0000              #pragma debug scope 2 1

  24  0000              #line 24 "E:\旧电脑资料\收集的资料\手册\合泰\SoftWare-BH66F5250_DEMOCODE\User\Sys_Init.C"
  24  0000              _fun_ResetInit .section 'code'
  24  0000              _fun_ResetInit proc
  29  0000              #line 29 "E:\旧电脑资料\收集的资料\手册\合泰\SoftWare-BH66F5250_DEMOCODE\User\Sys_Init.C"
  29  0000  0F48        	mov a,72
  29  0001  80A8 0001   	lmov [296],a
  29  0003  0FC1        	mov a,193
  29  0004  80A9 0001   	lmov [297],a
  29  0006  0FA4        	mov a,164
  29  0007  80AC 0001   	lmov [300],a
  29  0009  9F2D 0001   	lclr [301]
  34  000B              #line 34 "E:\旧电脑资料\收集的资料\手册\合泰\SoftWare-BH66F5250_DEMOCODE\User\Sys_Init.C"
  34  000B  2000     E  	call _fun_Key_init
  34  000C  0003        	ret
  34  000D              _fun_ResetInit endp
  34  000D              #line 34 "E:\旧电脑资料\收集的资料\手册\合泰\SoftWare-BH66F5250_DEMOCODE\User\Sys_Init.C"
  34  000D              #pragma debug scope 1 1
  34  000D              public _fun_PrepareToHalt
  34  000D              #pragma debug scope 3 1
  72  000D              #line 72 "E:\旧电脑资料\收集的资料\手册\合泰\SoftWare-BH66F5250_DEMOCODE\User\Sys_Init.C"
  72  0000              _fun_PrepareToHalt .section 'code'
  72  0000              _fun_PrepareToHalt proc
  72  0000  0003        	ret
  72  0001              _fun_PrepareToHalt endp
  72  0001              #line 72 "E:\旧电脑资料\收集的资料\手册\合泰\SoftWare-BH66F5250_DEMOCODE\User\Sys_Init.C"
  72  0001              #pragma debug scope 1 1
  72  0001              public _fun_GPIO
  72  0001              #pragma debug scope 4 1
 104  0001              #line 104 "E:\旧电脑资料\收集的资料\手册\合泰\SoftWare-BH66F5250_DEMOCODE\User\Sys_Init.C"
 104  0000              _fun_GPIO .section 'code'
 104  0000              _fun_GPIO proc
 104  0000  0003        	ret
 104  0001              _fun_GPIO endp
 104  0001              #line 104 "E:\旧电脑资料\收集的资料\手册\合泰\SoftWare-BH66F5250_DEMOCODE\User\Sys_Init.C"
 104  0001              #pragma debug scope 1 1
 104  0001              ___mp1h equ [4]
 104  0001              ___mp1l equ [3]
文件：Sys_Init.C   编译器版本 HGASM 0202 页次3

 104  0001              ___tblp equ [7]
 104  0001              ___iar1 equ [2]
 104  0001              public _fun_RamInit
 104  0001              #pragma debug scope 5 1
 117  0001              #line 117 "E:\旧电脑资料\收集的资料\手册\合泰\SoftWare-BH66F5250_DEMOCODE\User\Sys_Init.C"
 117  0000              _fun_RamInit .section 'code'
 117  0000              _fun_RamInit proc
 118  0000              #line 118 "E:\旧电脑资料\收集的资料\手册\合泰\SoftWare-BH66F5250_DEMOCODE\User\Sys_Init.C"
 118  0000  1F04        	clr [4]
 119  0001              #line 119 "E:\旧电脑资料\收集的资料\手册\合泰\SoftWare-BH66F5250_DEMOCODE\User\Sys_Init.C"
 119  0001  0F80        	mov a,128
 119  0002  0083        	mov [3],a
 120  0003              #line 120 "E:\旧电脑资料\收集的资料\手册\合泰\SoftWare-BH66F5250_DEMOCODE\User\Sys_Init.C"
 120  0003  2800     R  	jmp _L5
 120  0004              _L8:
 122  0004              #line 122 "E:\旧电脑资料\收集的资料\手册\合泰\SoftWare-BH66F5250_DEMOCODE\User\Sys_Init.C"
 122  0004  1F07        	clr [7]
 122  0005              _L6:
 122  0005  3F87        	sz [7].7
 122  0006  2800     R  	jmp _L10
 124  0007              #line 124 "E:\旧电脑资料\收集的资料\手册\合泰\SoftWare-BH66F5250_DEMOCODE\User\Sys_Init.C"
 124  0007  1F02        	clr [2]
 125  0008              #line 125 "E:\旧电脑资料\收集的资料\手册\合泰\SoftWare-BH66F5250_DEMOCODE\User\Sys_Init.C"
 125  0008  1483        	inc [3]
 122  0009              #line 122 "E:\旧电脑资料\收集的资料\手册\合泰\SoftWare-BH66F5250_DEMOCODE\User\Sys_Init.C"
 122  0009  1487        	inc [7]
 122  000A  2800     R  	jmp _L6
 122  000B              _L10:
 127  000B              #line 127 "E:\旧电脑资料\收集的资料\手册\合泰\SoftWare-BH66F5250_DEMOCODE\User\Sys_Init.C"
 127  000B  0F80        	mov a,128
 127  000C  0083        	mov [3],a
 128  000D              #line 128 "E:\旧电脑资料\收集的资料\手册\合泰\SoftWare-BH66F5250_DEMOCODE\User\Sys_Init.C"
 128  000D  1484        	inc [4]
 128  000E              _L5:
 120  000E              #line 120 "E:\旧电脑资料\收集的资料\手册\合泰\SoftWare-BH66F5250_DEMOCODE\User\Sys_Init.C"
 120  000E  0F03        	mov a,3
 120  000F  0204        	sub a,[4]
 120  0010  3C0A        	sz c
 120  0011  2800     R  	jmp _L8
 120  0012  0003        	ret
 120  0013              _fun_RamInit endp
 120  0013              #line 120 "E:\旧电脑资料\收集的资料\手册\合泰\SoftWare-BH66F5250_DEMOCODE\User\Sys_Init.C"
 120  0013              #pragma debug scope 1 1
 120  0013              ___lvrc equ [25]
 120  0013              ___scc equ [16]
 120  0013              ___hircc equ [17]
 120  0013              ___wdtc equ [30]
 120  0013              public _fun_PowerOnInit
 120  0013              #pragma debug scope 6 1
  46  0013              #line 46 "E:\旧电脑资料\收集的资料\手册\合泰\SoftWare-BH66F5250_DEMOCODE\User\Sys_Init.C"
  46  0000              _fun_PowerOnInit .section 'code'
  46  0000              _fun_PowerOnInit proc
  48  0000              #line 48 "E:\旧电脑资料\收集的资料\手册\合泰\SoftWare-BH66F5250_DEMOCODE\User\Sys_Init.C"
  48  0000  0F55        	mov a,85
  48  0001  0099        	mov [25],a
  52  0002              #line 52 "E:\旧电脑资料\收集的资料\手册\合泰\SoftWare-BH66F5250_DEMOCODE\User\Sys_Init.C"
  52  0002  2000     R  	call _fun_RamInit
  53  0003              #line 53 "E:\旧电脑资料\收集的资料\手册\合泰\SoftWare-BH66F5250_DEMOCODE\User\Sys_Init.C"
  53  0003  3590        	clr [16].3
  53  0004  3191        	set [17].3
文件：Sys_Init.C   编译器版本 HGASM 0202 页次4

  53  0005  3511        	clr [17].2
  53  0006  3011        	set [17].0
  54  0007              #line 54 "E:\旧电脑资料\收集的资料\手册\合泰\SoftWare-BH66F5250_DEMOCODE\User\Sys_Init.C"
  54  0007  3510        	clr [16].2
  56  0008              #line 56 "E:\旧电脑资料\收集的资料\手册\合泰\SoftWare-BH66F5250_DEMOCODE\User\Sys_Init.C"
  56  0008  0F55        	mov a,85
  56  0009  009E        	mov [30],a
  58  000A              #line 58 "E:\旧电脑资料\收集的资料\手册\合泰\SoftWare-BH66F5250_DEMOCODE\User\Sys_Init.C"
  58  000A  0F55        	mov a,85
  58  000B  0099        	mov [25],a
  60  000C              #line 60 "E:\旧电脑资料\收集的资料\手册\合泰\SoftWare-BH66F5250_DEMOCODE\User\Sys_Init.C"
  60  000C  2000     R  	call _fun_ResetInit
  60  000D  0003        	ret
  60  000E              _fun_PowerOnInit endp
  60  000E              #line 60 "E:\旧电脑资料\收集的资料\手册\合泰\SoftWare-BH66F5250_DEMOCODE\User\Sys_Init.C"
  60  000E              #pragma debug scope 1 1
  60  000E              #pragma debug variable 8 1 ___mp1l "__mp1l" 1
  60  000E              #pragma debug variable 8 1 ___mp1h "__mp1h" 1
  60  000E              #pragma debug variable 8 1 ___tblp "__tblp" 1
  60  000E              #pragma debug struct_end
  60  000E              #pragma debug struct_end
  60  000E              #pragma debug union_end
  60  000E              #pragma debug union_end
  60  000E              #pragma debug variable 43 1 ___scc "__scc" 1
  60  000E              #pragma debug struct_end
  60  000E              #pragma debug struct_end
  60  000E              #pragma debug union_end
  60  000E              #pragma debug union_end
  60  000E              #pragma debug variable 45 1 ___hircc "__hircc" 1
  60  000E              #pragma debug struct_end
  60  000E              #pragma debug struct_end
  60  000E              #pragma debug union_end
  60  000E              #pragma debug union_end
  60  000E              #pragma debug variable 47 1 ___lvrc "__lvrc" 1
  60  000E              #pragma debug struct_end
  60  000E              #pragma debug struct_end
  60  000E              #pragma debug union_end
  60  000E              #pragma debug union_end
  60  000E              #pragma debug variable 49 1 ___wdtc "__wdtc" 1
  60  000E              #pragma debug struct_end
  60  000E              #pragma debug struct_end
  60  000E              #pragma debug union_end
  60  000E              #pragma debug union_end
  60  000E              #pragma debug variable 51 1 ___ptm2c0 "__ptm2c0" 1
  60  000E              #pragma debug struct_end
  60  000E              #pragma debug struct_end
  60  000E              #pragma debug union_end
  60  000E              #pragma debug union_end
  60  000E              #pragma debug variable 53 1 ___ptm2c1 "__ptm2c1" 1
  60  000E              #pragma debug variable 8 1 ___ptm2al "__ptm2al" 1
  60  000E              #pragma debug variable 8 1 ___ptm2ah "__ptm2ah" 1
  60  000E              #pragma debug variable 8 1 ___iar1 "__iar1" 1
  60  000E              extern _fun_Key_init:near
  60  000E              
  60  000E              ; 
  60  000E              ; Generated by holtek-gcc v3.19, Mon Mar 25 15:45:17 2019
  60  000E              ; Rebuild 115
  60  000E              ; end of file


文件：Sys_Init.C   编译器版本 HGASM 0202 页次5

        0 Errors, 0