文件：USER_PROGRAM.C 编译器版本 HGASM 0202 页次1


   1  0000              ; Generated by holtek-gcc v3.19, Thu Apr 04 08:33:16 2019
   2  0000              ; 
   3  0000              ; Configuration:
   4  0000              ;       with long instruction
   5  0000              ;       Single ROM, Multi-RAM
   6  0000              ;       bits_per_rom_unit:16
   7  0000              ;       with mp1
   8  0000              ;       with tbhp, address(0x9)
   9  0000              ;          Use tabrd-const
  10  0000              ;       
  11  0000              ; SFR address of long-instruction arch:
  12  0000              ;    mp0 = -1,1,0
  13  0000              ;    mp1 = 4,3,2
  14  0000              ;    mp2 = 14,13,12
  15  0000              ;    tbp = 9,7,8
  16  0000              ;    acc = 5
  17  0000              ;    pcl = 6
  18  0000              ;    status = 10
  19  0000              ;    bp = 11
  20  0000              ;    intc = 16
  21  0000              ;       
  22  0000              ;       
  23  0000              ; use 'tabrdc' instead of 'tabrd'
  24  0000              ;       
  25  0000              
  26  0000              #pragma translator "holtek-gcc 4.6.4" "3.19" "build 20130711"
  27  0000              ; Rebuild 115
  28  0000              
  29  0000              ir equ [2]
  30  0000              mp equ [3]
  31  0000              sbp equ [4]
  32  0000              acc equ [5]
  33  0000              bp equ [11]
  34  0000              tblp equ [7]
  35  0000              tbhp equ [9]
  36  0000              status equ [10]
  37  0000              c equ [10].0
  38  0000              ac equ [10].1
  39  0000              z equ [10].2
  40  0000              ov equ [10].3
  41  0000              cz equ [10].6
  42  0000              sc equ [10].7
  43  0000              intc equ [16]
  44  0000              
  45  0000              extern ra:byte
  46  0000              extern rb:byte
  47  0000              extern rc:byte
  48  0000              extern rd:byte
  49  0000              extern re:byte
  50  0000              extern rf:byte
  51  0000              extern rg:byte
  52  0000              extern rh:byte
  53  0000              extern _Crom2Prom:near
  54  0000              extern _Crom2PromNext:near
  55  0000              
  56  0000              RAMBANK 0 @BITDATASEC, @BITDATASEC1
  57  0000              @HCCINIT	.section 'data'
  58  0000              @HCCINIT0	.section 'data'
  59  0000              @BITDATASEC	 .section 'data'
文件：USER_PROGRAM.ASM 编译器版本 HGASM 0202 页次2

  60  0000              @BITDATASEC1	 .section 'data'
  61  0000              
  62  0000              #pragma debug scope 1 1
  63  0000              	extern __DELAY3:near
  64  0000              	extern __DELAYX3:near
  65  0000              	extern __DELAYX6:near
  66  0000              	extern __DELAYY5:near
  67  0000              	extern __DELAYY3:near
  68  0000              	extern _builtin_holtek_delay_2:byte
  69  0000              public _Interrupt_Extemal
  70  0000              #pragma debug scope 2 1

  17  0000              #line 17 "E:\旧电脑资料\收集的资料\手册\合泰\BS86D20A_20150319_LIBV413--V3\20150319_LIBV413\USER_PROGRAM\USER_PROGRAM.C"
  17  0000              @Interrupt_Extemal_code .section at 4 'code'
  17  0000              ifdef INTERRUPT_DELAY
  17  0000              	nop
  17  0000              endif
  17  0000  0080     E  	mov r1,a
  17  0001  070A        	mov a,status
  17  0002              ifndef INTERRUPT_DELAY
  17  0002  0080     E  	mov r2,a
  17  0003              endif
  17  0003  2800     R  	jmp _Interrupt_Extemal
  17  0004              #pragma debug scope 1 1
  17  0004              @dummy4 endp
  17  0004              #pragma debug scope 3 1
  17  0000              _Interrupt_Extemal .section 'code'
  17  0000              _Interrupt_Extemal proc
  17  0000              ifdef INTERRUPT_DELAY
  17  0000              	mov r2,a
  17  0000              endif
  19  0000              #line 19 "E:\旧电脑资料\收集的资料\手册\合泰\BS86D20A_20150319_LIBV413--V3\20150319_LIBV413\USER_PROGRAM\USER_PROGRAM.C"
  19  0000              ;# 19 "E:\旧电脑资料\收集的资料\手册\合泰\BS86D20A_20150319_LIBV413--V3\20150319_LIBV413\USER_PROGRAM\USER_PROGRAM.C" 1
  19  0000  0000        	nop
  19  0001  0700     E  	mov a,r2
  19  0002  008A        	mov status,a
  19  0003  0700     E  	mov a,r1
  19  0004  0004        	reti
  19  0005              _Interrupt_Extemal endp
  19  0005              
  19  0005              #line 19 "E:\旧电脑资料\收集的资料\手册\合泰\BS86D20A_20150319_LIBV413--V3\20150319_LIBV413\USER_PROGRAM\USER_PROGRAM.C"
  19  0005              #pragma debug scope 1 1
  19  0005              ___papu equ [22]
  19  0005              ___pac equ [21]
  19  0005              ___pa equ [20]
  19  0005              public _USER_PROGRAM_INITIAL
  19  0005              #pragma debug scope 4 1
  26  0005              #line 26 "E:\旧电脑资料\收集的资料\手册\合泰\BS86D20A_20150319_LIBV413--V3\20150319_LIBV413\USER_PROGRAM\USER_PROGRAM.C"
  26  0000              _USER_PROGRAM_INITIAL .section 'code'
  26  0000              _USER_PROGRAM_INITIAL proc
  28  0000              #line 28 "E:\旧电脑资料\收集的资料\手册\合泰\BS86D20A_20150319_LIBV413--V3\20150319_LIBV413\USER_PROGRAM\USER_PROGRAM.C"
  28  0000  1F16        	clr [22]
  29  0001              #line 29 "E:\旧电脑资料\收集的资料\手册\合泰\BS86D20A_20150319_LIBV413--V3\20150319_LIBV413\USER_PROGRAM\USER_PROGRAM.C"
  29  0001  1F15        	clr [21]
  30  0002              #line 30 "E:\旧电脑资料\收集的资料\手册\合泰\BS86D20A_20150319_LIBV413--V3\20150319_LIBV413\USER_PROGRAM\USER_PROGRAM.C"
  30  0002  1F14        	clr [20]
  30  0003  0003        	ret
  30  0004              _USER_PROGRAM_INITIAL endp
  30  0004              #line 30 "E:\旧电脑资料\收集的资料\手册\合泰\BS86D20A_20150319_LIBV413--V3\20150319_LIBV413\USER_PROGRAM\USER_PROGRAM.C"
  30  0004              #pragma debug scope 1 1
文件：USER_PROGRAM.C 编译器版本 HGASM 0202 页次3

  30  0004              public _USER_PROGRAM
  30  0004              #pragma debug scope 5 1
  39  0004              #line 39 "E:\旧电脑资料\收集的资料\手册\合泰\BS86D20A_20150319_LIBV413--V3\20150319_LIBV413\USER_PROGRAM\USER_PROGRAM.C"
  39  0000              _USER_PROGRAM .section 'code'
  39  0000              _USER_PROGRAM proc
  40  0000              #line 40 "E:\旧电脑资料\收集的资料\手册\合泰\BS86D20A_20150319_LIBV413--V3\20150319_LIBV413\USER_PROGRAM\USER_PROGRAM.C"
  40  0000  2000     E  	call _GET_KEY_BITMAP
  42  0001              #line 42 "E:\旧电脑资料\收集的资料\手册\合泰\BS86D20A_20150319_LIBV413--V3\20150319_LIBV413\USER_PROGRAM\USER_PROGRAM.C"
  42  0001  1E00     E  	snz _DATA_BUF[0]
  42  0002  2800     R  	jmp _L4
  44  0003              #line 44 "E:\旧电脑资料\收集的资料\手册\合泰\BS86D20A_20150319_LIBV413--V3\20150319_LIBV413\USER_PROGRAM\USER_PROGRAM.C"
  44  0003  3214        	set [20].4
  45  0004              #line 45 "E:\旧电脑资料\收集的资料\手册\合泰\BS86D20A_20150319_LIBV413--V3\20150319_LIBV413\USER_PROGRAM\USER_PROGRAM.C"
  45  0004  3094        	set [20].1
  45  0005  2800     R  	jmp _L3
  45  0006              _L4:
  48  0006              #line 48 "E:\旧电脑资料\收集的资料\手册\合泰\BS86D20A_20150319_LIBV413--V3\20150319_LIBV413\USER_PROGRAM\USER_PROGRAM.C"
  48  0006  3614        	clr [20].4
  49  0007              #line 49 "E:\旧电脑资料\收集的资料\手册\合泰\BS86D20A_20150319_LIBV413--V3\20150319_LIBV413\USER_PROGRAM\USER_PROGRAM.C"
  49  0007  3494        	clr [20].1
  49  0008              _L3:
  49  0008  0003        	ret
  49  0009              _USER_PROGRAM endp
  49  0009              #line 49 "E:\旧电脑资料\收集的资料\手册\合泰\BS86D20A_20150319_LIBV413--V3\20150319_LIBV413\USER_PROGRAM\USER_PROGRAM.C"
  49  0009              #pragma debug scope 1 1
  49  0009              #pragma debug struct_end
  49  0009              #pragma debug struct_end
  49  0009              #pragma debug union_end
  49  0009              #pragma debug union_end
  49  0009              #pragma debug variable 43 1 ___pa "__pa" 1
  49  0009              #pragma debug struct_end
  49  0009              #pragma debug struct_end
  49  0009              #pragma debug union_end
  49  0009              #pragma debug union_end
  49  0009              #pragma debug variable 45 1 ___pac "__pac" 1
  49  0009              #pragma debug struct_end
  49  0009              #pragma debug struct_end
  49  0009              #pragma debug union_end
  49  0009              #pragma debug union_end
  49  0009              #pragma debug variable 47 1 ___papu "__papu" 1
  49  0009              
  49  0009              ; output external variables
  49  0009              extern _DATA_BUF:byte
  49  0009              extern r1:byte
  49  0009              extern r2:byte
  49  0009              extern _GET_KEY_BITMAP:near
  49  0009              
  49  0009              ; 
  49  0009              ; Generated by holtek-gcc v3.19, Thu Apr 04 08:33:16 2019
  49  0009              ; Rebuild 115
  49  0009              ; end of file


        0 Errors, 0